Building ipxe...
rm -f bin-x86_64-efi/*.*  bin-x86_64-efi/.certificate.* bin-x86_64-efi/.certificates.* bin-x86_64-efi/.private_key.* bin-x86_64-efi/errors	 bin-x86_64-efi/NIC	 ./util/zbin ./util/elf2efi32 ./util/elf2efi64 ./util/efirom ./util/efifatbin ./util/iccfix ./util/einfo TAGS bin-x86_64-efi/symtab
  [PARSEROM]
  [DEPS] arch/x86/transitions/librm.S
  [DEPS] arch/x86/transitions/libpm.S
  [DEPS] arch/x86/transitions/libkir.S
  [DEPS] arch/x86/transitions/liba20.S
  [DEPS] arch/x86/prefix/usbdisk.S
  [DEPS] arch/x86/prefix/unlzma16.S
  [DEPS] arch/x86/prefix/unlzma.S
  [DEPS] arch/x86/prefix/undiloader.S
  [DEPS] arch/x86/prefix/romprefix.S
  [DEPS] arch/x86/prefix/pxeprefix.S
  [DEPS] arch/x86/prefix/pciromprefix.S
  [DEPS] arch/x86/prefix/nullprefix.S
  [DEPS] arch/x86/prefix/nbiprefix.S
  [DEPS] arch/x86/prefix/mromprefix.S
  [DEPS] arch/x86/prefix/mbr.S
  [DEPS] arch/x86/prefix/lkrnprefix.S
  [DEPS] arch/x86/prefix/libprefix.S
  [DEPS] arch/x86/prefix/kpxeprefix.S
  [DEPS] arch/x86/prefix/kkpxeprefix.S
  [DEPS] arch/x86/prefix/kkkpxeprefix.S
  [DEPS] arch/x86/prefix/isaromprefix.S
  [DEPS] arch/x86/prefix/hdprefix.S
  [DEPS] arch/x86/prefix/exeprefix.S
  [DEPS] arch/x86/prefix/dskprefix.S
  [DEPS] arch/x86/prefix/bootpart.S
  [DEPS] arch/x86/interface/syslinux/com32_wrapper.S
  [DEPS] arch/x86/interface/pxe/pxe_entry.S
  [DEPS] arch/x86/interface/pcbios/e820mangler.S
  [DEPS] arch/x86/core/stack16.S
  [DEPS] arch/x86/core/stack.S
  [DEPS] arch/x86/core/patch_cf.S
  [DEPS] arch/x86_64/core/setjmp.S
  [DEPS] arch/x86_64/core/gdbidt.S
  [DEPS] drivers/net/ath/ath9k/ath9k_xmit.c
  [DEPS] drivers/net/ath/ath9k/ath9k_recv.c
  [DEPS] drivers/net/ath/ath9k/ath9k_main.c
  [DEPS] drivers/net/ath/ath9k/ath9k_mac.c
  [DEPS] drivers/net/ath/ath9k/ath9k_init.c
  [DEPS] drivers/net/ath/ath9k/ath9k_hw.c
  [DEPS] drivers/net/ath/ath9k/ath9k_eeprom_def.c
  [DEPS] drivers/net/ath/ath9k/ath9k_eeprom_9287.c
  [DEPS] drivers/net/ath/ath9k/ath9k_eeprom_4k.c
  [DEPS] drivers/net/ath/ath9k/ath9k_eeprom.c
  [DEPS] drivers/net/ath/ath9k/ath9k_common.c
  [DEPS] drivers/net/ath/ath9k/ath9k_calib.c
  [DEPS] drivers/net/ath/ath9k/ath9k_ar9003_phy.c
  [DEPS] drivers/net/ath/ath9k/ath9k_ar9003_mac.c
  [DEPS] drivers/net/ath/ath9k/ath9k_ar9003_hw.c
  [DEPS] drivers/net/ath/ath9k/ath9k_ar9003_eeprom.c
  [DEPS] drivers/net/ath/ath9k/ath9k_ar9003_calib.c
  [DEPS] drivers/net/ath/ath9k/ath9k_ar9002_phy.c
  [DEPS] drivers/net/ath/ath9k/ath9k_ar9002_mac.c
  [DEPS] drivers/net/ath/ath9k/ath9k_ar9002_hw.c
  [DEPS] drivers/net/ath/ath9k/ath9k_ar9002_calib.c
  [DEPS] drivers/net/ath/ath9k/ath9k_ar5008_phy.c
  [DEPS] drivers/net/ath/ath9k/ath9k_ani.c
  [DEPS] drivers/net/ath/ath9k/ath9k.c
  [DEPS] drivers/net/ath/ath5k/ath5k_rfkill.c
  [DEPS] drivers/net/ath/ath5k/ath5k_reset.c
  [DEPS] drivers/net/ath/ath5k/ath5k_qcu.c
  [DEPS] drivers/net/ath/ath5k/ath5k_phy.c
  [DEPS] drivers/net/ath/ath5k/ath5k_pcu.c
  [DEPS] drivers/net/ath/ath5k/ath5k_initvals.c
  [DEPS] drivers/net/ath/ath5k/ath5k_gpio.c
  [DEPS] drivers/net/ath/ath5k/ath5k_eeprom.c
  [DEPS] drivers/net/ath/ath5k/ath5k_dma.c
  [DEPS] drivers/net/ath/ath5k/ath5k_desc.c
  [DEPS] drivers/net/ath/ath5k/ath5k_caps.c
  [DEPS] drivers/net/ath/ath5k/ath5k_attach.c
  [DEPS] drivers/net/ath/ath5k/ath5k.c
  [DEPS] drivers/net/ath/ath_regd.c
  [DEPS] drivers/net/ath/ath_key.c
  [DEPS] drivers/net/ath/ath_hw.c
  [DEPS] drivers/net/rtl818x/rtl818x.c
  [DEPS] drivers/net/rtl818x/rtl8185_rtl8225.c
  [DEPS] drivers/net/rtl818x/rtl8185.c
  [DEPS] drivers/net/rtl818x/rtl8180_sa2400.c
  [DEPS] drivers/net/rtl818x/rtl8180_max2820.c
  [DEPS] drivers/net/rtl818x/rtl8180_grf5101.c
  [DEPS] drivers/net/rtl818x/rtl8180.c
  [DEPS] net/80211/wpa_tkip.c
  [DEPS] net/80211/wpa_psk.c
  [DEPS] net/80211/wpa_ccmp.c
  [DEPS] net/80211/wpa.c
  [DEPS] net/80211/wep.c
  [DEPS] net/80211/sec80211.c
  [DEPS] net/80211/rc80211.c
  [DEPS] net/80211/net80211.c
  [DEPS] net/oncrpc/portmap.c
  [DEPS] net/oncrpc/oncrpc_iob.c
  [DEPS] net/oncrpc/nfs_uri.c
  [DEPS] net/oncrpc/nfs_open.c
  [DEPS] net/oncrpc/nfs.c
  [DEPS] net/oncrpc/mount.c
  [DEPS] arch/x86/transitions/librm_test.c
  [DEPS] arch/x86/transitions/librm_mgmt.c
  [DEPS] arch/x86/drivers/hyperv/hyperv.c
  [DEPS] arch/x86/drivers/xen/hvm.c
  [DEPS] arch/x86/hci/commands/pxe_cmd.c
  [DEPS] arch/x86/hci/commands/cpuid_cmd.c
  [DEPS] arch/x86/interface/syslinux/comboot_resolv.c
  [DEPS] arch/x86/interface/syslinux/comboot_call.c
  [DEPS] arch/x86/interface/syslinux/com32_call.c
  [DEPS] arch/x86/interface/vmware/vmware.c
  [DEPS] arch/x86/interface/vmware/vmconsole.c
  [DEPS] arch/x86/interface/vmware/guestrpc.c
  [DEPS] arch/x86/interface/vmware/guestinfo.c
  [DEPS] arch/x86/interface/efi/efix86_nap.c
  [DEPS] arch/x86/interface/pxe/pxe_undi.c
  [DEPS] arch/x86/interface/pxe/pxe_udp.c
  [DEPS] arch/x86/interface/pxe/pxe_tftp.c
  [DEPS] arch/x86/interface/pxe/pxe_preboot.c
  [DEPS] arch/x86/interface/pxe/pxe_loader.c
  [DEPS] arch/x86/interface/pxe/pxe_file.c
  [DEPS] arch/x86/interface/pxe/pxe_exit_hook.c
  [DEPS] arch/x86/interface/pxe/pxe_call.c
  [DEPS] arch/x86/interface/pcbios/vesafb.c
  [DEPS] arch/x86/interface/pcbios/rtc_time.c
  [DEPS] arch/x86/interface/pcbios/rtc_entropy.c
  [DEPS] arch/x86/interface/pcbios/rsdp.c
  [DEPS] arch/x86/interface/pcbios/pnpbios.c
  [DEPS] arch/x86/interface/pcbios/pcibios.c
  [DEPS] arch/x86/interface/pcbios/memtop_umalloc.c
  [DEPS] arch/x86/interface/pcbios/memmap.c
  [DEPS] arch/x86/interface/pcbios/int13con.c
  [DEPS] arch/x86/interface/pcbios/int13.c
  [DEPS] arch/x86/interface/pcbios/hidemem.c
  [DEPS] arch/x86/interface/pcbios/fakee820.c
  [DEPS] arch/x86/interface/pcbios/biosint.c
  [DEPS] arch/x86/interface/pcbios/bios_timer.c
  [DEPS] arch/x86/interface/pcbios/bios_smbios.c
  [DEPS] arch/x86/interface/pcbios/bios_reboot.c
  [DEPS] arch/x86/interface/pcbios/bios_nap.c
  [DEPS] arch/x86/interface/pcbios/bios_console.c
  [DEPS] arch/x86/interface/pcbios/basemem.c
  [DEPS] arch/x86/interface/pcbios/apm.c
  [DEPS] arch/x86/interface/pcbios/acpipwr.c
  [DEPS] arch/x86/interface/pcbios/acpi_timer.c
  [DEPS] arch/x86/image/sdi.c
  [DEPS] arch/x86/image/pxe_image.c
  [DEPS] arch/x86/image/nbi.c
  [DEPS] arch/x86/image/multiboot.c
  [DEPS] arch/x86/image/initrd.c
  [DEPS] arch/x86/image/elfboot.c
  [DEPS] arch/x86/image/comboot.c
  [DEPS] arch/x86/image/com32.c
  [DEPS] arch/x86/image/bzimage.c
  [DEPS] arch/x86/image/bootsector.c
  [DEPS] arch/x86/core/x86_uart.c
  [DEPS] arch/x86/core/x86_tcpip.c
  [DEPS] arch/x86/core/x86_string.c
  [DEPS] arch/x86/core/x86_io.c
  [DEPS] arch/x86/core/x86_bigint.c
  [DEPS] arch/x86/core/vram_settings.c
  [DEPS] arch/x86/core/video_subr.c
  [DEPS] arch/x86/core/runtime.c
  [DEPS] arch/x86/core/relocate.c
  [DEPS] arch/x86/core/rdtsc_timer.c
  [DEPS] arch/x86/core/pit8254.c
  [DEPS] arch/x86/core/pic8259.c
  [DEPS] arch/x86/core/pcidirect.c
  [DEPS] arch/x86/core/pci_autoboot.c
  [DEPS] arch/x86/core/gdbmach.c
  [DEPS] arch/x86/core/dumpregs.c
  [DEPS] arch/x86/core/debugcon.c
  [DEPS] arch/x86/core/cpuid_settings.c
  [DEPS] arch/x86/core/cpuid.c
  [DEPS] arch/x86/core/cachedhcp.c
  [DEPS] arch/x86/core/basemem_packet.c
  [DEPS] config/config_usb.c
  [DEPS] config/config_timer.c
  [DEPS] config/config_route.c
  [DEPS] config/config_romprefix.c
  [DEPS] config/config_pixbuf.c
  [DEPS] config/config_pcbios.c
  [DEPS] config/config_net80211.c
  [DEPS] config/config_linux.c
  [DEPS] config/config_infiniband.c
  [DEPS] config/config_http.c
  [DEPS] config/config_fdt.c
  [DEPS] config/config_fc.c
  [DEPS] config/config_ethernet.c
  [DEPS] config/config_efi.c
  [DEPS] config/config_crypto.c
  [DEPS] config/config_asn1.c
  [DEPS] config/config.c
  [DEPS] usr/sync.c
  [DEPS] usr/route_ipv6.c
  [DEPS] usr/route_ipv4.c
  [DEPS] usr/route.c
  [DEPS] usr/pxemenu.c
  [DEPS] usr/prompt.c
  [DEPS] usr/profstat.c
  [DEPS] usr/pingmgmt.c
  [DEPS] usr/ntpmgmt.c
  [DEPS] usr/nslookup.c
  [DEPS] usr/neighmgmt.c
  [DEPS] usr/lotest.c
  [DEPS] usr/iwmgmt.c
  [DEPS] usr/ipstat.c
  [DEPS] usr/imgtrust.c
  [DEPS] usr/imgmgmt.c
  [DEPS] usr/ifmgmt.c
  [DEPS] usr/ibmgmt.c
  [DEPS] usr/fcmgmt.c
  [DEPS] usr/dhcpmgmt.c
  [DEPS] usr/certmgmt.c
  [DEPS] usr/autoboot.c
  [DEPS] hci/keymap/keymap_wo.c
  [DEPS] hci/keymap/keymap_us.c
  [DEPS] hci/keymap/keymap_uk.c
  [DEPS] hci/keymap/keymap_ua.c
  [DEPS] hci/keymap/keymap_th.c
  [DEPS] hci/keymap/keymap_sr.c
  [DEPS] hci/keymap/keymap_sg.c
  [DEPS] hci/keymap/keymap_ru.c
  [DEPS] hci/keymap/keymap_ro.c
  [DEPS] hci/keymap/keymap_pt.c
  [DEPS] hci/keymap/keymap_pl.c
  [DEPS] hci/keymap/keymap_no.c
  [DEPS] hci/keymap/keymap_no-latin1.c
  [DEPS] hci/keymap/keymap_nl.c
  [DEPS] hci/keymap/keymap_mt.c
  [DEPS] hci/keymap/keymap_mk.c
  [DEPS] hci/keymap/keymap_lt.c
  [DEPS] hci/keymap/keymap_it.c
  [DEPS] hci/keymap/keymap_il.c
  [DEPS] hci/keymap/keymap_hu.c
  [DEPS] hci/keymap/keymap_gr.c
  [DEPS] hci/keymap/keymap_fr.c
  [DEPS] hci/keymap/keymap_fi.c
  [DEPS] hci/keymap/keymap_et.c
  [DEPS] hci/keymap/keymap_es.c
  [DEPS] hci/keymap/keymap_dk.c
  [DEPS] hci/keymap/keymap_de.c
  [DEPS] hci/keymap/keymap_cz.c
  [DEPS] hci/keymap/keymap_cf.c
  [DEPS] hci/keymap/keymap_by.c
  [DEPS] hci/keymap/keymap_bg.c
  [DEPS] hci/keymap/keymap_az.c
  [DEPS] hci/keymap/keymap_al.c
  [DEPS] hci/mucurses/widgets/editbox.c
  [DEPS] hci/mucurses/wininit.c
  [DEPS] hci/mucurses/windows.c
  [DEPS] hci/mucurses/winattrs.c
  [DEPS] hci/mucurses/slk.c
  [DEPS] hci/mucurses/print_nadv.c
  [DEPS] hci/mucurses/print.c
  [DEPS] hci/mucurses/mucurses.c
  [DEPS] hci/mucurses/kb.c
  [DEPS] hci/mucurses/edging.c
  [DEPS] hci/mucurses/colour.c
  [DEPS] hci/mucurses/clear.c
  [DEPS] hci/mucurses/ansi_screen.c
  [DEPS] hci/mucurses/alert.c
  [DEPS] hci/tui/settings_ui.c
  [DEPS] hci/tui/menu_ui.c
  [DEPS] hci/tui/login_ui.c
  [DEPS] hci/commands/vlan_cmd.c
  [DEPS] hci/commands/time_cmd.c
  [DEPS] hci/commands/sync_cmd.c
  [DEPS] hci/commands/sanboot_cmd.c
  [DEPS] hci/commands/route_cmd.c
  [DEPS] hci/commands/reboot_cmd.c
  [DEPS] hci/commands/profstat_cmd.c
  [DEPS] hci/commands/poweroff_cmd.c
  [DEPS] hci/commands/ping_cmd.c
  [DEPS] hci/commands/pci_cmd.c
  [DEPS] hci/commands/param_cmd.c
  [DEPS] hci/commands/nvo_cmd.c
  [DEPS] hci/commands/ntp_cmd.c
  [DEPS] hci/commands/nslookup_cmd.c
  [DEPS] hci/commands/neighbour_cmd.c
  [DEPS] hci/commands/menu_cmd.c
  [DEPS] hci/commands/lotest_cmd.c
  [DEPS] hci/commands/login_cmd.c
  [DEPS] hci/commands/iwmgmt_cmd.c
  [DEPS] hci/commands/ipstat_cmd.c
  [DEPS] hci/commands/image_trust_cmd.c
  [DEPS] hci/commands/image_cmd.c
  [DEPS] hci/commands/ifmgmt_cmd.c
  [DEPS] hci/commands/ibmgmt_cmd.c
  [DEPS] hci/commands/gdbstub_cmd.c
  [DEPS] hci/commands/fcmgmt_cmd.c
  [DEPS] hci/commands/digest_cmd.c
  [DEPS] hci/commands/dhcp_cmd.c
  [DEPS] hci/commands/console_cmd.c
  [DEPS] hci/commands/config_cmd.c
  [DEPS] hci/commands/cert_cmd.c
  [DEPS] hci/commands/autoboot_cmd.c
  [DEPS] hci/wireless_errors.c
  [DEPS] hci/strerror.c
  [DEPS] hci/shell.c
  [DEPS] hci/readline.c
  [DEPS] hci/linux_args.c
  [DEPS] hci/jumpscroll.c
  [DEPS] hci/editstring.c
  [DEPS] crypto/mishmash/rsa_sha512.c
  [DEPS] crypto/mishmash/rsa_sha384.c
  [DEPS] crypto/mishmash/rsa_sha256.c
  [DEPS] crypto/mishmash/rsa_sha224.c
  [DEPS] crypto/mishmash/rsa_sha1.c
  [DEPS] crypto/mishmash/rsa_md5.c
  [DEPS] crypto/mishmash/rsa_aes_cbc_sha256.c
  [DEPS] crypto/mishmash/rsa_aes_cbc_sha1.c
  [DEPS] crypto/mishmash/oid_sha512_256.c
  [DEPS] crypto/mishmash/oid_sha512_224.c
  [DEPS] crypto/mishmash/oid_sha512.c
  [DEPS] crypto/mishmash/oid_sha384.c
  [DEPS] crypto/mishmash/oid_sha256.c
  [DEPS] crypto/mishmash/oid_sha224.c
  [DEPS] crypto/mishmash/oid_sha1.c
  [DEPS] crypto/mishmash/oid_rsa.c
  [DEPS] crypto/mishmash/oid_md5.c
  [DEPS] crypto/mishmash/oid_md4.c
  [DEPS] crypto/x509.c
  [DEPS] crypto/sha512_256.c
  [DEPS] crypto/sha512_224.c
  [DEPS] crypto/sha512.c
  [DEPS] crypto/sha384.c
  [DEPS] crypto/sha256.c
  [DEPS] crypto/sha224.c
  [DEPS] crypto/sha1extra.c
  [DEPS] crypto/sha1.c
  [DEPS] crypto/rsa.c
  [DEPS] crypto/rootcert.c
  [DEPS] crypto/rbg.c
  [DEPS] crypto/random_nz.c
  [DEPS] crypto/privkey.c
  [DEPS] crypto/ocsp.c
  [DEPS] crypto/null_entropy.c
  [DEPS] crypto/ntlm.c
  [DEPS] crypto/md5.c
  [DEPS] crypto/md4.c
  [DEPS] crypto/hmac_drbg.c
  [DEPS] crypto/hmac.c
  [DEPS] crypto/hash_df.c
  [DEPS] crypto/entropy.c
  [DEPS] crypto/ecb.c
  [DEPS] crypto/drbg.c
  [DEPS] crypto/deflate.c
  [DEPS] crypto/crypto_null.c
  [DEPS] crypto/crc32.c
  [DEPS] crypto/cms.c
  [DEPS] crypto/chap.c
  [DEPS] crypto/certstore.c
  [DEPS] crypto/cbc.c
  [DEPS] crypto/bigint.c
  [DEPS] crypto/asn1.c
  [DEPS] crypto/arc4.c
  [DEPS] crypto/aes_wrap.c
  [DEPS] crypto/aes.c
  [DEPS] tests/x509_test.c
  [DEPS] tests/vsprintf_test.c
  [DEPS] tests/uri_test.c
  [DEPS] tests/umalloc_test.c
  [DEPS] tests/time_test.c
  [DEPS] tests/tests.c
  [DEPS] tests/test.c
  [DEPS] tests/tcpip_test.c
  [DEPS] tests/string_test.c
  [DEPS] tests/sha512_test.c
  [DEPS] tests/sha256_test.c
  [DEPS] tests/sha1_test.c
  [DEPS] tests/settings_test.c
  [DEPS] tests/setjmp_test.c
  [DEPS] tests/rsa_test.c
  [DEPS] tests/profile_test.c
  [DEPS] tests/pnm_test.c
  [DEPS] tests/png_test.c
  [DEPS] tests/pixbuf_test.c
  [DEPS] tests/pem_test.c
  [DEPS] tests/pccrc_test.c
  [DEPS] tests/ocsp_test.c
  [DEPS] tests/ntlm_test.c
  [DEPS] tests/memset_test.c
  [DEPS] tests/memcpy_test.c
  [DEPS] tests/md5_test.c
  [DEPS] tests/md4_test.c
  [DEPS] tests/math_test.c
  [DEPS] tests/list_test.c
  [DEPS] tests/linebuf_test.c
  [DEPS] tests/ipv6_test.c
  [DEPS] tests/ipv4_test.c
  [DEPS] tests/iobuf_test.c
  [DEPS] tests/hmac_drbg_test.c
  [DEPS] tests/hash_df_test.c
  [DEPS] tests/entropy_sample.c
  [DEPS] tests/dns_test.c
  [DEPS] tests/digest_test.c
  [DEPS] tests/der_test.c
  [DEPS] tests/deflate_test.c
  [DEPS] tests/crc32_test.c
  [DEPS] tests/cms_test.c
  [DEPS] tests/cipher_test.c
  [DEPS] tests/byteswap_test.c
  [DEPS] tests/bofm_test.c
  [DEPS] tests/bitops_test.c
  [DEPS] tests/bigint_test.c
  [DEPS] tests/base64_test.c
  [DEPS] tests/base16_test.c
  [DEPS] tests/asn1_test.c
  [DEPS] tests/aes_test.c
  [DEPS] interface/hyperv/vmbus.c
  [DEPS] interface/xen/xenstore.c
  [DEPS] interface/xen/xengrant.c
  [DEPS] interface/xen/xenbus.c
  [DEPS] interface/bofm/bofm.c
  [DEPS] interface/smbios/smbios_settings.c
  [DEPS] interface/smbios/smbios.c
  [DEPS] interface/efi/efiprefix.c
  [DEPS] interface/efi/efidrvprefix.c
  [DEPS] interface/efi/efi_wrap.c
  [DEPS] interface/efi/efi_watchdog.c
  [DEPS] interface/efi/efi_veto.c
  [DEPS] interface/efi/efi_utils.c
  [DEPS] interface/efi/efi_usb.c
  [DEPS] interface/efi/efi_umalloc.c
  [DEPS] interface/efi/efi_uaccess.c
  [DEPS] interface/efi/efi_timer.c
  [DEPS] interface/efi/efi_time.c
  [DEPS] interface/efi/efi_strings.c
  [DEPS] interface/efi/efi_snp_hii.c
  [DEPS] interface/efi/efi_snp.c
  [DEPS] interface/efi/efi_smbios.c
  [DEPS] interface/efi/efi_reboot.c
  [DEPS] interface/efi/efi_pxe.c
  [DEPS] interface/efi/efi_pci.c
  [DEPS] interface/efi/efi_path.c
  [DEPS] interface/efi/efi_null.c
  [DEPS] interface/efi/efi_local.c
  [DEPS] interface/efi/efi_init.c
  [DEPS] interface/efi/efi_hii.c
  [DEPS] interface/efi/efi_guid.c
  [DEPS] interface/efi/efi_file.c
  [DEPS] interface/efi/efi_fdt.c
  [DEPS] interface/efi/efi_fbcon.c
  [DEPS] interface/efi/efi_entropy.c
  [DEPS] interface/efi/efi_driver.c
  [DEPS] interface/efi/efi_download.c
  [DEPS] interface/efi/efi_debug.c
  [DEPS] interface/efi/efi_console.c
  [DEPS] interface/efi/efi_bofm.c
  [DEPS] interface/efi/efi_block.c
  [DEPS] interface/efi/efi_autoboot.c
  [DEPS] interface/efi/efi_acpi.c
  [DEPS] drivers/usb/xhci.c
  [DEPS] drivers/usb/usbnet.c
  [DEPS] drivers/usb/usbkbd.c
  [DEPS] drivers/usb/usbio.c
  [DEPS] drivers/usb/usbhub.c
  [DEPS] drivers/usb/usbhid.c
  [DEPS] drivers/usb/usbblk.c
  [DEPS] drivers/usb/uhci.c
  [DEPS] drivers/usb/ehci.c
  [DEPS] drivers/infiniband/mlx_nodnic/src/mlx_port.c
  [DEPS] drivers/infiniband/mlx_nodnic/src/mlx_device.c
  [DEPS] drivers/infiniband/mlx_nodnic/src/mlx_cmd.c
  [DEPS] drivers/infiniband/mlx_utils/mlx_lib/mlx_mtu/mlx_mtu.c
  [DEPS] drivers/infiniband/mlx_utils/mlx_lib/mlx_link_speed/mlx_link_speed.c
  [DEPS] drivers/infiniband/mlx_utils/mlx_lib/mlx_blink_leds/mlx_blink_leds.c
  [DEPS] drivers/infiniband/mlx_utils/mlx_lib/mlx_vmac/mlx_vmac.c
  [DEPS] drivers/infiniband/mlx_utils/mlx_lib/mlx_nvconfig/mlx_nvconfig_defaults.c
  [DEPS] drivers/infiniband/mlx_utils/mlx_lib/mlx_nvconfig/mlx_nvconfig.c
  [DEPS] drivers/infiniband/mlx_utils/mlx_lib/mlx_reg_access/mlx_reg_access.c
  [DEPS] drivers/infiniband/mlx_utils/src/public/mlx_utils.c
  [DEPS] drivers/infiniband/mlx_utils/src/public/mlx_pci_gw.c
  [DEPS] drivers/infiniband/mlx_utils/src/public/mlx_pci.c
  [DEPS] drivers/infiniband/mlx_utils/src/public/mlx_memory.c
  [DEPS] drivers/infiniband/mlx_utils/src/public/mlx_icmd.c
  [DEPS] drivers/infiniband/mlx_utils_flexboot/src/mlx_utils_priv.c
  [DEPS] drivers/infiniband/mlx_utils_flexboot/src/mlx_pci_priv.c
  [DEPS] drivers/infiniband/mlx_utils_flexboot/src/mlx_memory_priv.c
  [DEPS] drivers/infiniband/qib7322.c
  [DEPS] drivers/infiniband/linda_fw.c
  [DEPS] drivers/infiniband/linda.c
  [DEPS] drivers/infiniband/hermon.c
  [DEPS] drivers/infiniband/golan.c
  [DEPS] drivers/infiniband/flexboot_nodnic.c
  [DEPS] drivers/infiniband/arbel.c
  [DEPS] drivers/bitbash/spi_bit.c
  [DEPS] drivers/bitbash/mii_bit.c
  [DEPS] drivers/bitbash/i2c_bit.c
  [DEPS] drivers/bitbash/bitbash.c
  [DEPS] drivers/nvs/threewire.c
  [DEPS] drivers/nvs/spi.c
  [DEPS] drivers/nvs/nvsvpd.c
  [DEPS] drivers/nvs/nvs.c
  [DEPS] drivers/block/srp.c
  [DEPS] drivers/block/scsi.c
  [DEPS] drivers/block/ibft.c
  [DEPS] drivers/block/ata.c
  [DEPS] drivers/net/sfc/sfc_hunt.c
  [DEPS] drivers/net/sfc/efx_hunt.c
  [DEPS] drivers/net/sfc/efx_common.c
  [DEPS] drivers/net/bnxt/bnxt.c
  [DEPS] drivers/net/tg3/tg3_phy.c
  [DEPS] drivers/net/tg3/tg3_hw.c
  [DEPS] drivers/net/tg3/tg3.c
  [DEPS] drivers/net/efi/snponly.c
  [DEPS] drivers/net/efi/snpnet.c
  [DEPS] drivers/net/efi/snp.c
  [DEPS] drivers/net/efi/nii.c
  [DEPS] drivers/net/vxge/vxge_traffic.c
  [DEPS] drivers/net/vxge/vxge_main.c
  [DEPS] drivers/net/vxge/vxge_config.c
  [DEPS] drivers/net/vxge/vxge.c
  [DEPS] drivers/net/phantom/phantom.c
  [DEPS] drivers/net/igbvf/igbvf_vf.c
  [DEPS] drivers/net/igbvf/igbvf_mbx.c
  [DEPS] drivers/net/igbvf/igbvf_main.c
  [DEPS] drivers/net/wd.c
  [DEPS] drivers/net/w89c840.c
  [DEPS] drivers/net/vmxnet3.c
  [DEPS] drivers/net/virtio-net.c
  [DEPS] drivers/net/velocity.c
  [DEPS] drivers/net/tulip.c
  [DEPS] drivers/net/tlan.c
  [DEPS] drivers/net/thunderx.c
  [DEPS] drivers/net/sundance.c
  [DEPS] drivers/net/smscusb.c
  [DEPS] drivers/net/smsc95xx.c
  [DEPS] drivers/net/smsc75xx.c
  [DEPS] drivers/net/smc9000.c
  [DEPS] drivers/net/sky2.c
  [DEPS] drivers/net/skge.c
  [DEPS] drivers/net/skeleton.c
  [DEPS] drivers/net/sis900.c
  [DEPS] drivers/net/sis190.c
  [DEPS] drivers/net/rhine.c
  [DEPS] drivers/net/realtek.c
  [DEPS] drivers/net/prism2_plx.c
  [DEPS] drivers/net/prism2_pci.c
  [DEPS] drivers/net/pnic.c
  [DEPS] drivers/net/pcnet32.c
  [DEPS] drivers/net/ns8390.c
  [DEPS] drivers/net/netvsc.c
  [DEPS] drivers/net/netfront.c
  [DEPS] drivers/net/ne2k_isa.c
  [DEPS] drivers/net/ne.c
  [DEPS] drivers/net/ncm.c
  [DEPS] drivers/net/natsemi.c
  [DEPS] drivers/net/myson.c
  [DEPS] drivers/net/myri10ge.c
  [DEPS] drivers/net/mii.c
  [DEPS] drivers/net/legacy.c
  [DEPS] drivers/net/lan78xx.c
  [DEPS] drivers/net/jme.c
  [DEPS] drivers/net/ipoib.c
  [DEPS] drivers/net/iphone.c
  [DEPS] drivers/net/intelxvf.c
  [DEPS] drivers/net/intelxlvf.c
  [DEPS] drivers/net/intelxl.c
  [DEPS] drivers/net/intelx.c
  [DEPS] drivers/net/intelvf.c
  [DEPS] drivers/net/intel.c
  [DEPS] drivers/net/icplus.c
  [DEPS] drivers/net/forcedeth.c
  [DEPS] drivers/net/exanic.c
  [DEPS] drivers/net/etherfabric.c
  [DEPS] drivers/net/epic100.c
  [DEPS] drivers/net/eoib.c
  [DEPS] drivers/net/ena.c
  [DEPS] drivers/net/eepro100.c
  [DEPS] drivers/net/eepro.c
  [DEPS] drivers/net/ecm.c
  [DEPS] drivers/net/dmfe.c
  [DEPS] drivers/net/dm96xx.c
  [DEPS] drivers/net/depca.c
  [DEPS] drivers/net/davicom.c
  [DEPS] drivers/net/cs89x0.c
  [DEPS] drivers/net/bnx2.c
  [DEPS] drivers/net/b44.c
  [DEPS] drivers/net/axge.c
  [DEPS] drivers/net/atl1e.c
  [DEPS] drivers/net/amd8111e.c
  [DEPS] drivers/net/acm.c
  [DEPS] drivers/net/3c90x.c
  [DEPS] drivers/net/3c5x9.c
  [DEPS] drivers/net/3c595.c
  [DEPS] drivers/net/3c529.c
  [DEPS] drivers/net/3c515.c
  [DEPS] drivers/net/3c509.c
  [DEPS] drivers/net/3c509-eisa.c
  [DEPS] drivers/net/3c503.c
  [DEPS] drivers/bus/virtio-ring.c
  [DEPS] drivers/bus/virtio-pci.c
  [DEPS] drivers/bus/usb.c
  [DEPS] drivers/bus/pcivpd.c
  [DEPS] drivers/bus/pcimsix.c
  [DEPS] drivers/bus/pciextra.c
  [DEPS] drivers/bus/pciea.c
  [DEPS] drivers/bus/pcibackup.c
  [DEPS] drivers/bus/pci_settings.c
  [DEPS] drivers/bus/pci.c
  [DEPS] drivers/bus/mca.c
  [DEPS] drivers/bus/isapnp.c
  [DEPS] drivers/bus/isa_ids.c
  [DEPS] drivers/bus/isa.c
  [DEPS] drivers/bus/eisa.c
  [DEPS] drivers/bus/cdc.c
  [DEPS] image/segment.c
  [DEPS] image/script.c
  [DEPS] image/pnm.c
  [DEPS] image/png.c
  [DEPS] image/pem.c
  [DEPS] image/embedded.c
  [DEPS] image/elf.c
  [DEPS] image/efi_image.c
  [DEPS] image/der.c
  [DEPS] net/infiniband/xsigo.c
  [DEPS] net/infiniband/ib_srp.c
  [DEPS] net/infiniband/ib_smc.c
  [DEPS] net/infiniband/ib_sma.c
  [DEPS] net/infiniband/ib_service.c
  [DEPS] net/infiniband/ib_pathrec.c
  [DEPS] net/infiniband/ib_packet.c
  [DEPS] net/infiniband/ib_mi.c
  [DEPS] net/infiniband/ib_mcast.c
  [DEPS] net/infiniband/ib_cmrc.c
  [DEPS] net/infiniband/ib_cm.c
  [DEPS] net/udp/tftp.c
  [DEPS] net/udp/syslog.c
  [DEPS] net/udp/slam.c
  [DEPS] net/udp/ntp.c
  [DEPS] net/udp/dns.c
  [DEPS] net/udp/dhcpv6.c
  [DEPS] net/udp/dhcp.c
  [DEPS] net/tcp/syslogs.c
  [DEPS] net/tcp/oncrpc.c
  [DEPS] net/tcp/iscsi.c
  [DEPS] net/tcp/https.c
  [DEPS] net/tcp/httpntlm.c
  [DEPS] net/tcp/httpgce.c
  [DEPS] net/tcp/httpdigest.c
  [DEPS] net/tcp/httpcore.c
  [DEPS] net/tcp/httpconn.c
  [DEPS] net/tcp/httpblock.c
  [DEPS] net/tcp/httpbasic.c
  [DEPS] net/tcp/httpauth.c
  [DEPS] net/tcp/http.c
  [DEPS] net/tcp/ftp.c
  [DEPS] net/vlan.c
  [DEPS] net/validator.c
  [DEPS] net/udp.c
  [DEPS] net/tls.c
  [DEPS] net/tcpip.c
  [DEPS] net/tcp.c
  [DEPS] net/stp.c
  [DEPS] net/socket.c
  [DEPS] net/rndis.c
  [DEPS] net/retry.c
  [DEPS] net/rarp.c
  [DEPS] net/ping.c
  [DEPS] net/peermux.c
  [DEPS] net/peerdist.c
  [DEPS] net/peerdisc.c
  [DEPS] net/peerblk.c
  [DEPS] net/pccrd.c
  [DEPS] net/pccrc.c
  [DEPS] net/nullnet.c
  [DEPS] net/netdevice.c
  [DEPS] net/netdev_settings.c
  [DEPS] net/neighbour.c
  [DEPS] net/ndp.c
  [DEPS] net/ipv6.c
  [DEPS] net/ipv4.c
  [DEPS] net/iobpad.c
  [DEPS] net/infiniband.c
  [DEPS] net/icmpv6.c
  [DEPS] net/icmpv4.c
  [DEPS] net/icmp.c
  [DEPS] net/fragment.c
  [DEPS] net/fcp.c
  [DEPS] net/fcoe.c
  [DEPS] net/fcns.c
  [DEPS] net/fcels.c
  [DEPS] net/fc.c
  [DEPS] net/fakedhcp.c
  [DEPS] net/ethernet.c
  [DEPS] net/eth_slow.c
  [DEPS] net/eapol.c
  [DEPS] net/dhcppkt.c
  [DEPS] net/dhcpopts.c
  [DEPS] net/arp.c
  [DEPS] net/aoe.c
  [DEPS] core/xferbuf.c
  [DEPS] core/xfer.c
  [DEPS] core/wchar.c
  [DEPS] core/vsprintf.c
  [DEPS] core/uuid.c
  [DEPS] core/uri.c
  [DEPS] core/uart.c
  [DEPS] core/timer.c
  [DEPS] core/time.c
  [DEPS] core/stringextra.c
  [DEPS] core/string.c
  [DEPS] core/settings.c
  [DEPS] core/serial.c
  [DEPS] core/sanboot.c
  [DEPS] core/resolv.c
  [DEPS] core/refcnt.c
  [DEPS] core/random.c
  [DEPS] core/quiesce.c
  [DEPS] core/profile.c
  [DEPS] core/process.c
  [DEPS] core/posix_io.c
  [DEPS] core/pool.c
  [DEPS] core/pixbuf.c
  [DEPS] core/pinger.c
  [DEPS] core/pending.c
  [DEPS] core/pcmcia.c
  [DEPS] core/pc_kbd.c
  [DEPS] core/parseopt.c
  [DEPS] core/params.c
  [DEPS] core/open.c
  [DEPS] core/nvo.c
  [DEPS] core/null_time.c
  [DEPS] core/null_sanboot.c
  [DEPS] core/null_reboot.c
  [DEPS] core/null_nap.c
  [DEPS] core/null_acpi.c
  [DEPS] core/netbios.c
  [DEPS] core/monojob.c
  [DEPS] core/menu.c
  [DEPS] core/memmap_settings.c
  [DEPS] core/malloc.c
  [DEPS] core/main.c
  [DEPS] core/log.c
  [DEPS] core/list.c
  [DEPS] core/lineconsole.c
  [DEPS] core/linebuf.c
  [DEPS] core/job.c
  [DEPS] core/isqrt.c
  [DEPS] core/iomap_virt.c
  [DEPS] core/iobuf.c
  [DEPS] core/interface.c
  [DEPS] core/init.c
  [DEPS] core/image.c
  [DEPS] core/i82365.c
  [DEPS] core/hw.c
  [DEPS] core/getopt.c
  [DEPS] core/getkey.c
  [DEPS] core/gdbudp.c
  [DEPS] core/gdbstub.c
  [DEPS] core/gdbserial.c
  [DEPS] core/fnrec.c
  [DEPS] core/fdt.c
  [DEPS] core/fbcon.c
  [DEPS] core/fault.c
  [DEPS] core/exec.c
  [DEPS] core/errno.c
  [DEPS] core/edd.c
  [DEPS] core/dummy_sanboot.c
  [DEPS] core/downloader.c
  [DEPS] core/dma.c
  [DEPS] core/device.c
  [DEPS] core/debug_md5.c
  [DEPS] core/debug.c
  [DEPS] core/cwuri.c
  [DEPS] core/ctype.c
  [DEPS] core/cpio.c
  [DEPS] core/console.c
  [DEPS] core/blocktrans.c
  [DEPS] core/blockdev.c
  [DEPS] core/bitmap.c
  [DEPS] core/basename.c
  [DEPS] core/base64.c
  [DEPS] core/base16.c
  [DEPS] core/assert.c
  [DEPS] core/asprintf.c
  [DEPS] core/ansiesc.c
  [DEPS] core/ansicoldef.c
  [DEPS] core/ansicol.c
  [DEPS] core/acpi_settings.c
  [DEPS] core/acpi.c
  [DEPS] libgcc/implicit.c
  [DEPS] libgcc/icc.c
  [DEPS] libgcc/__umoddi3.c
  [DEPS] libgcc/__udivmoddi4.c
  [DEPS] libgcc/__udivdi3.c
  [DEPS] libgcc/__moddi3.c
  [DEPS] libgcc/__divmoddi4.c
  [DEPS] libgcc/__divdi3.c
  [DEPS] arch/x86/transitions/librm.S
  [DEPS] arch/x86/prefix/usbdisk.S
  [DEPS] arch/x86/prefix/romprefix.S
  [DEPS] arch/x86/prefix/pciromprefix.S
  [DEPS] arch/x86/prefix/mromprefix.S
  [DEPS] arch/x86/prefix/isaromprefix.S
  [DEPS] drivers/net/ath/ath9k/ath9k_xmit.c
  [DEPS] drivers/net/ath/ath9k/ath9k_recv.c
  [DEPS] drivers/net/ath/ath9k/ath9k_main.c
  [DEPS] drivers/net/ath/ath9k/ath9k_mac.c
  [DEPS] drivers/net/ath/ath9k/ath9k_init.c
  [DEPS] drivers/net/ath/ath9k/ath9k_hw.c
  [DEPS] drivers/net/ath/ath9k/ath9k_eeprom_def.c
  [DEPS] drivers/net/ath/ath9k/ath9k_eeprom_9287.c
  [DEPS] drivers/net/ath/ath9k/ath9k_eeprom_4k.c
  [DEPS] drivers/net/ath/ath9k/ath9k_eeprom.c
  [DEPS] drivers/net/ath/ath9k/ath9k_common.c
  [DEPS] drivers/net/ath/ath9k/ath9k_calib.c
  [DEPS] drivers/net/ath/ath9k/ath9k_ar9003_phy.c
  [DEPS] drivers/net/ath/ath9k/ath9k_ar9003_mac.c
  [DEPS] drivers/net/ath/ath9k/ath9k_ar9003_hw.c
  [DEPS] drivers/net/ath/ath9k/ath9k_ar9003_eeprom.c
  [DEPS] drivers/net/ath/ath9k/ath9k_ar9003_calib.c
  [DEPS] drivers/net/ath/ath9k/ath9k_ar9002_phy.c
  [DEPS] drivers/net/ath/ath9k/ath9k_ar9002_mac.c
  [DEPS] drivers/net/ath/ath9k/ath9k_ar9002_hw.c
  [DEPS] drivers/net/ath/ath9k/ath9k_ar9002_calib.c
  [DEPS] drivers/net/ath/ath9k/ath9k_ar5008_phy.c
  [DEPS] drivers/net/ath/ath9k/ath9k_ani.c
  [DEPS] drivers/net/ath/ath9k/ath9k.c
  [DEPS] drivers/net/ath/ath5k/ath5k_rfkill.c
  [DEPS] drivers/net/ath/ath5k/ath5k_reset.c
  [DEPS] drivers/net/ath/ath5k/ath5k_qcu.c
  [DEPS] drivers/net/ath/ath5k/ath5k_phy.c
  [DEPS] drivers/net/ath/ath5k/ath5k_pcu.c
  [DEPS] drivers/net/ath/ath5k/ath5k_initvals.c
  [DEPS] drivers/net/ath/ath5k/ath5k_gpio.c
  [DEPS] drivers/net/ath/ath5k/ath5k_eeprom.c
  [DEPS] drivers/net/ath/ath5k/ath5k_dma.c
  [DEPS] drivers/net/ath/ath5k/ath5k_desc.c
  [DEPS] drivers/net/ath/ath5k/ath5k_caps.c
  [DEPS] drivers/net/ath/ath5k/ath5k_attach.c
  [DEPS] drivers/net/ath/ath5k/ath5k.c
  [DEPS] drivers/net/ath/ath_regd.c
  [DEPS] drivers/net/ath/ath_key.c
  [DEPS] drivers/net/ath/ath_hw.c
  [DEPS] drivers/net/rtl818x/rtl818x.c
  [DEPS] drivers/net/rtl818x/rtl8185_rtl8225.c
  [DEPS] drivers/net/rtl818x/rtl8185.c
  [DEPS] drivers/net/rtl818x/rtl8180_sa2400.c
  [DEPS] drivers/net/rtl818x/rtl8180_max2820.c
  [DEPS] drivers/net/rtl818x/rtl8180_grf5101.c
  [DEPS] drivers/net/rtl818x/rtl8180.c
  [DEPS] net/80211/wpa_tkip.c
  [DEPS] net/80211/wpa_psk.c
  [DEPS] net/80211/wpa_ccmp.c
  [DEPS] net/80211/wpa.c
  [DEPS] net/80211/wep.c
  [DEPS] net/80211/sec80211.c
  [DEPS] net/80211/rc80211.c
  [DEPS] net/80211/net80211.c
  [DEPS] net/oncrpc/portmap.c
  [DEPS] net/oncrpc/oncrpc_iob.c
  [DEPS] net/oncrpc/nfs_uri.c
  [DEPS] net/oncrpc/nfs_open.c
  [DEPS] net/oncrpc/nfs.c
  [DEPS] net/oncrpc/mount.c
  [DEPS] arch/x86/transitions/librm_test.c
  [DEPS] arch/x86/transitions/librm_mgmt.c
  [DEPS] arch/x86/drivers/hyperv/hyperv.c
  [DEPS] arch/x86/drivers/xen/hvm.c
  [DEPS] arch/x86/hci/commands/pxe_cmd.c
  [DEPS] arch/x86/hci/commands/cpuid_cmd.c
  [DEPS] arch/x86/interface/syslinux/comboot_resolv.c
  [DEPS] arch/x86/interface/syslinux/comboot_call.c
  [DEPS] arch/x86/interface/syslinux/com32_call.c
  [DEPS] arch/x86/interface/vmware/vmware.c
  [DEPS] arch/x86/interface/vmware/vmconsole.c
  [DEPS] arch/x86/interface/vmware/guestrpc.c
  [DEPS] arch/x86/interface/vmware/guestinfo.c
  [DEPS] arch/x86/interface/efi/efix86_nap.c
  [DEPS] arch/x86/interface/pxe/pxe_undi.c
  [DEPS] arch/x86/interface/pxe/pxe_udp.c
  [DEPS] arch/x86/interface/pxe/pxe_tftp.c
  [DEPS] arch/x86/interface/pxe/pxe_preboot.c
  [DEPS] arch/x86/interface/pxe/pxe_loader.c
  [DEPS] arch/x86/interface/pxe/pxe_file.c
  [DEPS] arch/x86/interface/pxe/pxe_exit_hook.c
  [DEPS] arch/x86/interface/pxe/pxe_call.c
  [DEPS] arch/x86/interface/pcbios/vesafb.c
  [DEPS] arch/x86/interface/pcbios/rtc_entropy.c
  [DEPS] arch/x86/interface/pcbios/rsdp.c
  [DEPS] arch/x86/interface/pcbios/pnpbios.c
  [DEPS] arch/x86/interface/pcbios/pcibios.c
  [DEPS] arch/x86/interface/pcbios/memtop_umalloc.c
  [DEPS] arch/x86/interface/pcbios/memmap.c
  [DEPS] arch/x86/interface/pcbios/int13con.c
  [DEPS] arch/x86/interface/pcbios/int13.c
  [DEPS] arch/x86/interface/pcbios/hidemem.c
  [DEPS] arch/x86/interface/pcbios/biosint.c
  [DEPS] arch/x86/interface/pcbios/bios_smbios.c
  [DEPS] arch/x86/interface/pcbios/bios_console.c
  [DEPS] arch/x86/interface/pcbios/apm.c
  [DEPS] arch/x86/interface/pcbios/acpipwr.c
  [DEPS] arch/x86/interface/pcbios/acpi_timer.c
  [DEPS] arch/x86/image/sdi.c
  [DEPS] arch/x86/image/pxe_image.c
  [DEPS] arch/x86/image/nbi.c
  [DEPS] arch/x86/image/multiboot.c
  [DEPS] arch/x86/image/initrd.c
  [DEPS] arch/x86/image/elfboot.c
  [DEPS] arch/x86/image/comboot.c
  [DEPS] arch/x86/image/com32.c
  [DEPS] arch/x86/image/bzimage.c
  [DEPS] arch/x86/image/bootsector.c
  [DEPS] arch/x86/core/x86_uart.c
  [DEPS] arch/x86/core/vram_settings.c
  [DEPS] arch/x86/core/video_subr.c
  [DEPS] arch/x86/core/runtime.c
  [DEPS] arch/x86/core/rdtsc_timer.c
  [DEPS] arch/x86/core/pit8254.c
  [DEPS] arch/x86/core/pcidirect.c
  [DEPS] arch/x86/core/pci_autoboot.c
  [DEPS] arch/x86/core/gdbmach.c
  [DEPS] arch/x86/core/debugcon.c
  [DEPS] arch/x86/core/cpuid_settings.c
  [DEPS] arch/x86/core/cpuid.c
  [DEPS] arch/x86/core/cachedhcp.c
  [DEPS] config/config_usb.c
  [DEPS] config/config_route.c
  [DEPS] config/config_romprefix.c
  [DEPS] config/config_pixbuf.c
  [DEPS] config/config_pcbios.c
  [DEPS] config/config_net80211.c
  [DEPS] config/config_linux.c
  [DEPS] config/config_infiniband.c
  [DEPS] config/config_http.c
  [DEPS] config/config_fc.c
  [DEPS] config/config_ethernet.c
  [DEPS] config/config_efi.c
  [DEPS] config/config_crypto.c
  [DEPS] config/config_asn1.c
  [DEPS] config/config.c
  [DEPS] usr/sync.c
  [DEPS] usr/route_ipv6.c
  [DEPS] usr/route_ipv4.c
  [DEPS] usr/route.c
  [DEPS] usr/pxemenu.c
  [DEPS] usr/prompt.c
  [DEPS] usr/profstat.c
  [DEPS] usr/pingmgmt.c
  [DEPS] usr/ntpmgmt.c
  [DEPS] usr/nslookup.c
  [DEPS] usr/neighmgmt.c
  [DEPS] usr/lotest.c
  [DEPS] usr/iwmgmt.c
  [DEPS] usr/imgtrust.c
  [DEPS] usr/imgmgmt.c
  [DEPS] usr/ifmgmt.c
  [DEPS] usr/ibmgmt.c
  [DEPS] usr/fcmgmt.c
  [DEPS] usr/dhcpmgmt.c
  [DEPS] usr/certmgmt.c
  [DEPS] usr/autoboot.c
  [DEPS] hci/mucurses/widgets/editbox.c
  [DEPS] hci/mucurses/windows.c
  [DEPS] hci/mucurses/slk.c
  [DEPS] hci/tui/settings_ui.c
  [DEPS] hci/tui/menu_ui.c
  [DEPS] hci/tui/login_ui.c
  [DEPS] hci/commands/vlan_cmd.c
  [DEPS] hci/commands/time_cmd.c
  [DEPS] hci/commands/sync_cmd.c
  [DEPS] hci/commands/sanboot_cmd.c
  [DEPS] hci/commands/route_cmd.c
  [DEPS] hci/commands/reboot_cmd.c
  [DEPS] hci/commands/profstat_cmd.c
  [DEPS] hci/commands/poweroff_cmd.c
  [DEPS] hci/commands/ping_cmd.c
  [DEPS] hci/commands/pci_cmd.c
  [DEPS] hci/commands/param_cmd.c
  [DEPS] hci/commands/nvo_cmd.c
  [DEPS] hci/commands/ntp_cmd.c
  [DEPS] hci/commands/nslookup_cmd.c
  [DEPS] hci/commands/neighbour_cmd.c
  [DEPS] hci/commands/menu_cmd.c
  [DEPS] hci/commands/lotest_cmd.c
  [DEPS] hci/commands/login_cmd.c
  [DEPS] hci/commands/iwmgmt_cmd.c
  [DEPS] hci/commands/ipstat_cmd.c
  [DEPS] hci/commands/image_trust_cmd.c
  [DEPS] hci/commands/image_cmd.c
  [DEPS] hci/commands/ifmgmt_cmd.c
  [DEPS] hci/commands/ibmgmt_cmd.c
  [DEPS] hci/commands/gdbstub_cmd.c
  [DEPS] hci/commands/fcmgmt_cmd.c
  [DEPS] hci/commands/digest_cmd.c
  [DEPS] hci/commands/dhcp_cmd.c
  [DEPS] hci/commands/console_cmd.c
  [DEPS] hci/commands/config_cmd.c
  [DEPS] hci/commands/cert_cmd.c
  [DEPS] hci/commands/autoboot_cmd.c
  [DEPS] hci/wireless_errors.c
  [DEPS] hci/strerror.c
  [DEPS] hci/shell.c
  [DEPS] hci/readline.c
  [DEPS] hci/linux_args.c
  [DEPS] hci/jumpscroll.c
  [DEPS] hci/editstring.c
  [DEPS] crypto/mishmash/rsa_sha512.c
  [DEPS] crypto/mishmash/rsa_sha384.c
  [DEPS] crypto/mishmash/rsa_sha256.c
  [DEPS] crypto/mishmash/rsa_sha224.c
  [DEPS] crypto/mishmash/rsa_sha1.c
  [DEPS] crypto/mishmash/rsa_md5.c
  [DEPS] crypto/mishmash/rsa_aes_cbc_sha256.c
  [DEPS] crypto/mishmash/rsa_aes_cbc_sha1.c
  [DEPS] crypto/mishmash/oid_sha512_256.c
  [DEPS] crypto/mishmash/oid_sha512_224.c
  [DEPS] crypto/mishmash/oid_sha512.c
  [DEPS] crypto/mishmash/oid_sha384.c
  [DEPS] crypto/mishmash/oid_sha256.c
  [DEPS] crypto/mishmash/oid_sha224.c
  [DEPS] crypto/mishmash/oid_sha1.c
  [DEPS] crypto/mishmash/oid_rsa.c
  [DEPS] crypto/mishmash/oid_md5.c
  [DEPS] crypto/mishmash/oid_md4.c
  [DEPS] crypto/x509.c
  [DEPS] crypto/sha512.c
  [DEPS] crypto/sha256.c
  [DEPS] crypto/sha1.c
  [DEPS] crypto/rsa.c
  [DEPS] crypto/rootcert.c
  [DEPS] crypto/rbg.c
  [DEPS] crypto/privkey.c
  [DEPS] crypto/ocsp.c
  [DEPS] crypto/null_entropy.c
  [DEPS] crypto/ntlm.c
  [DEPS] crypto/md5.c
  [DEPS] crypto/md4.c
  [DEPS] crypto/hmac_drbg.c
  [DEPS] crypto/hmac.c
  [DEPS] crypto/hash_df.c
  [DEPS] crypto/entropy.c
  [DEPS] crypto/ecb.c
  [DEPS] crypto/drbg.c
  [DEPS] crypto/deflate.c
  [DEPS] crypto/cms.c
  [DEPS] crypto/chap.c
  [DEPS] crypto/certstore.c
  [DEPS] crypto/cbc.c
  [DEPS] crypto/bigint.c
  [DEPS] crypto/asn1.c
  [DEPS] crypto/aes_wrap.c
  [DEPS] crypto/aes.c
  [DEPS] tests/x509_test.c
  [DEPS] tests/uri_test.c
  [DEPS] tests/test.c
  [DEPS] tests/tcpip_test.c
  [DEPS] tests/string_test.c
  [DEPS] tests/settings_test.c
  [DEPS] tests/setjmp_test.c
  [DEPS] tests/rsa_test.c
  [DEPS] tests/profile_test.c
  [DEPS] tests/pnm_test.c
  [DEPS] tests/png_test.c
  [DEPS] tests/pixbuf_test.c
  [DEPS] tests/pem_test.c
  [DEPS] tests/pccrc_test.c
  [DEPS] tests/ocsp_test.c
  [DEPS] tests/ntlm_test.c
  [DEPS] tests/memcpy_test.c
  [DEPS] tests/math_test.c
  [DEPS] tests/list_test.c
  [DEPS] tests/linebuf_test.c
  [DEPS] tests/ipv6_test.c
  [DEPS] tests/iobuf_test.c
  [DEPS] tests/hmac_drbg_test.c
  [DEPS] tests/hash_df_test.c
  [DEPS] tests/entropy_sample.c
  [DEPS] tests/dns_test.c
  [DEPS] tests/digest_test.c
  [DEPS] tests/der_test.c
  [DEPS] tests/deflate_test.c
  [DEPS] tests/cms_test.c
  [DEPS] tests/cipher_test.c
  [DEPS] tests/byteswap_test.c
  [DEPS] tests/bofm_test.c
  [DEPS] tests/bitops_test.c
  [DEPS] tests/bigint_test.c
  [DEPS] tests/asn1_test.c
  [DEPS] tests/aes_test.c
  [DEPS] interface/hyperv/vmbus.c
  [DEPS] interface/xen/xenstore.c
  [DEPS] interface/xen/xengrant.c
  [DEPS] interface/xen/xenbus.c
  [DEPS] interface/bofm/bofm.c
  [DEPS] interface/smbios/smbios_settings.c
  [DEPS] interface/smbios/smbios.c
  [DEPS] interface/efi/efiprefix.c
  [DEPS] interface/efi/efidrvprefix.c
  [DEPS] interface/efi/efi_wrap.c
  [DEPS] interface/efi/efi_watchdog.c
  [DEPS] interface/efi/efi_veto.c
  [DEPS] interface/efi/efi_utils.c
  [DEPS] interface/efi/efi_usb.c
  [DEPS] interface/efi/efi_umalloc.c
  [DEPS] interface/efi/efi_uaccess.c
  [DEPS] interface/efi/efi_timer.c
  [DEPS] interface/efi/efi_time.c
  [DEPS] interface/efi/efi_snp_hii.c
  [DEPS] interface/efi/efi_snp.c
  [DEPS] interface/efi/efi_smbios.c
  [DEPS] interface/efi/efi_reboot.c
  [DEPS] interface/efi/efi_pxe.c
  [DEPS] interface/efi/efi_pci.c
  [DEPS] interface/efi/efi_path.c
  [DEPS] interface/efi/efi_null.c
  [DEPS] interface/efi/efi_local.c
  [DEPS] interface/efi/efi_init.c
  [DEPS] interface/efi/efi_hii.c
  [DEPS] interface/efi/efi_guid.c
  [DEPS] interface/efi/efi_file.c
  [DEPS] interface/efi/efi_fdt.c
  [DEPS] interface/efi/efi_fbcon.c
  [DEPS] interface/efi/efi_entropy.c
  [DEPS] interface/efi/efi_driver.c
  [DEPS] interface/efi/efi_download.c
  [DEPS] interface/efi/efi_debug.c
  [DEPS] interface/efi/efi_console.c
  [DEPS] interface/efi/efi_bofm.c
  [DEPS] interface/efi/efi_block.c
  [DEPS] interface/efi/efi_autoboot.c
  [DEPS] interface/efi/efi_acpi.c
  [DEPS] drivers/usb/xhci.c
  [DEPS] drivers/usb/usbnet.c
  [DEPS] drivers/usb/usbkbd.c
  [DEPS] drivers/usb/usbio.c
  [DEPS] drivers/usb/usbhub.c
  [DEPS] drivers/usb/usbhid.c
  [DEPS] drivers/usb/usbblk.c
  [DEPS] drivers/usb/uhci.c
  [DEPS] drivers/usb/ehci.c
  [DEPS] drivers/infiniband/mlx_nodnic/src/mlx_port.c
  [DEPS] drivers/infiniband/mlx_nodnic/src/mlx_device.c
  [DEPS] drivers/infiniband/mlx_nodnic/src/mlx_cmd.c
  [DEPS] drivers/infiniband/mlx_utils/mlx_lib/mlx_mtu/mlx_mtu.c
  [DEPS] drivers/infiniband/mlx_utils/mlx_lib/mlx_link_speed/mlx_link_speed.c
  [DEPS] drivers/infiniband/mlx_utils/mlx_lib/mlx_blink_leds/mlx_blink_leds.c
  [DEPS] drivers/infiniband/mlx_utils/mlx_lib/mlx_vmac/mlx_vmac.c
  [DEPS] drivers/infiniband/mlx_utils/mlx_lib/mlx_nvconfig/mlx_nvconfig_defaults.c
  [DEPS] drivers/infiniband/mlx_utils/mlx_lib/mlx_nvconfig/mlx_nvconfig.c
  [DEPS] drivers/infiniband/mlx_utils/mlx_lib/mlx_reg_access/mlx_reg_access.c
  [DEPS] drivers/infiniband/mlx_utils/src/public/mlx_utils.c
  [DEPS] drivers/infiniband/mlx_utils/src/public/mlx_pci_gw.c
  [DEPS] drivers/infiniband/mlx_utils/src/public/mlx_pci.c
  [DEPS] drivers/infiniband/mlx_utils/src/public/mlx_memory.c
  [DEPS] drivers/infiniband/mlx_utils/src/public/mlx_icmd.c
  [DEPS] drivers/infiniband/mlx_utils_flexboot/src/mlx_utils_priv.c
  [DEPS] drivers/infiniband/mlx_utils_flexboot/src/mlx_pci_priv.c
  [DEPS] drivers/infiniband/mlx_utils_flexboot/src/mlx_memory_priv.c
  [DEPS] drivers/infiniband/qib7322.c
  [DEPS] drivers/infiniband/linda.c
  [DEPS] drivers/infiniband/hermon.c
  [DEPS] drivers/infiniband/golan.c
  [DEPS] drivers/infiniband/flexboot_nodnic.c
  [DEPS] drivers/infiniband/arbel.c
  [DEPS] drivers/bitbash/spi_bit.c
  [DEPS] drivers/bitbash/mii_bit.c
  [DEPS] drivers/bitbash/i2c_bit.c
  [DEPS] drivers/nvs/threewire.c
  [DEPS] drivers/nvs/spi.c
  [DEPS] drivers/nvs/nvsvpd.c
  [DEPS] drivers/nvs/nvs.c
  [DEPS] drivers/block/srp.c
  [DEPS] drivers/block/scsi.c
  [DEPS] drivers/block/ibft.c
  [DEPS] drivers/block/ata.c
  [DEPS] drivers/net/sfc/sfc_hunt.c
  [DEPS] drivers/net/sfc/efx_hunt.c
  [DEPS] drivers/net/sfc/efx_common.c
  [DEPS] drivers/net/bnxt/bnxt.c
  [DEPS] drivers/net/tg3/tg3_phy.c
  [DEPS] drivers/net/tg3/tg3_hw.c
  [DEPS] drivers/net/tg3/tg3.c
  [DEPS] drivers/net/efi/snponly.c
  [DEPS] drivers/net/efi/snpnet.c
  [DEPS] drivers/net/efi/snp.c
  [DEPS] drivers/net/efi/nii.c
  [DEPS] drivers/net/vxge/vxge_traffic.c
  [DEPS] drivers/net/vxge/vxge_main.c
  [DEPS] drivers/net/vxge/vxge_config.c
  [DEPS] drivers/net/vxge/vxge.c
  [DEPS] drivers/net/phantom/phantom.c
  [DEPS] drivers/net/igbvf/igbvf_vf.c
  [DEPS] drivers/net/igbvf/igbvf_mbx.c
  [DEPS] drivers/net/igbvf/igbvf_main.c
  [DEPS] drivers/net/w89c840.c
  [DEPS] drivers/net/vmxnet3.c
  [DEPS] drivers/net/virtio-net.c
  [DEPS] drivers/net/velocity.c
  [DEPS] drivers/net/tulip.c
  [DEPS] drivers/net/tlan.c
  [DEPS] drivers/net/thunderx.c
  [DEPS] drivers/net/sundance.c
  [DEPS] drivers/net/smscusb.c
  [DEPS] drivers/net/smsc95xx.c
  [DEPS] drivers/net/smsc75xx.c
  [DEPS] drivers/net/smc9000.c
  [DEPS] drivers/net/sky2.c
  [DEPS] drivers/net/skge.c
  [DEPS] drivers/net/skeleton.c
  [DEPS] drivers/net/sis900.c
  [DEPS] drivers/net/sis190.c
  [DEPS] drivers/net/rhine.c
  [DEPS] drivers/net/realtek.c
  [DEPS] drivers/net/prism2_plx.c
  [DEPS] drivers/net/prism2_pci.c
  [DEPS] drivers/net/pnic.c
  [DEPS] drivers/net/pcnet32.c
  [DEPS] drivers/net/ns8390.c
  [DEPS] drivers/net/netvsc.c
  [DEPS] drivers/net/netfront.c
  [DEPS] drivers/net/ne2k_isa.c
  [DEPS] drivers/net/ncm.c
  [DEPS] drivers/net/natsemi.c
  [DEPS] drivers/net/myson.c
  [DEPS] drivers/net/myri10ge.c
  [DEPS] drivers/net/mii.c
  [DEPS] drivers/net/legacy.c
  [DEPS] drivers/net/lan78xx.c
  [DEPS] drivers/net/jme.c
  [DEPS] drivers/net/ipoib.c
  [DEPS] drivers/net/iphone.c
  [DEPS] drivers/net/intelxvf.c
  [DEPS] drivers/net/intelxlvf.c
  [DEPS] drivers/net/intelxl.c
  [DEPS] drivers/net/intelx.c
  [DEPS] drivers/net/intelvf.c
  [DEPS] drivers/net/intel.c
  [DEPS] drivers/net/icplus.c
  [DEPS] drivers/net/forcedeth.c
  [DEPS] drivers/net/exanic.c
  [DEPS] drivers/net/etherfabric.c
  [DEPS] drivers/net/epic100.c
  [DEPS] drivers/net/eoib.c
  [DEPS] drivers/net/ena.c
  [DEPS] drivers/net/eepro100.c
  [DEPS] drivers/net/eepro.c
  [DEPS] drivers/net/ecm.c
  [DEPS] drivers/net/dmfe.c
  [DEPS] drivers/net/dm96xx.c
  [DEPS] drivers/net/davicom.c
  [DEPS] drivers/net/cs89x0.c
  [DEPS] drivers/net/bnx2.c
  [DEPS] drivers/net/b44.c
  [DEPS] drivers/net/axge.c
  [DEPS] drivers/net/atl1e.c
  [DEPS] drivers/net/amd8111e.c
  [DEPS] drivers/net/acm.c
  [DEPS] drivers/net/3c90x.c
  [DEPS] drivers/net/3c5x9.c
  [DEPS] drivers/net/3c595.c
  [DEPS] drivers/net/3c529.c
  [DEPS] drivers/net/3c515.c
  [DEPS] drivers/net/3c509.c
  [DEPS] drivers/net/3c509-eisa.c
  [DEPS] drivers/bus/virtio-ring.c
  [DEPS] drivers/bus/virtio-pci.c
  [DEPS] drivers/bus/usb.c
  [DEPS] drivers/bus/pcivpd.c
  [DEPS] drivers/bus/pcimsix.c
  [DEPS] drivers/bus/pciextra.c
  [DEPS] drivers/bus/pciea.c
  [DEPS] drivers/bus/pcibackup.c
  [DEPS] drivers/bus/pci_settings.c
  [DEPS] drivers/bus/pci.c
  [DEPS] drivers/bus/mca.c
  [DEPS] drivers/bus/isapnp.c
  [DEPS] drivers/bus/isa.c
  [DEPS] drivers/bus/eisa.c
  [DEPS] drivers/bus/cdc.c
  [DEPS] image/segment.c
  [DEPS] image/script.c
  [DEPS] image/pnm.c
  [DEPS] image/png.c
  [DEPS] image/pem.c
  [DEPS] image/embedded.c
  [DEPS] image/elf.c
  [DEPS] image/efi_image.c
  [DEPS] image/der.c
  [DEPS] net/infiniband/xsigo.c
  [DEPS] net/infiniband/ib_srp.c
  [DEPS] net/infiniband/ib_smc.c
  [DEPS] net/infiniband/ib_sma.c
  [DEPS] net/infiniband/ib_service.c
  [DEPS] net/infiniband/ib_pathrec.c
  [DEPS] net/infiniband/ib_packet.c
  [DEPS] net/infiniband/ib_mi.c
  [DEPS] net/infiniband/ib_mcast.c
  [DEPS] net/infiniband/ib_cmrc.c
  [DEPS] net/infiniband/ib_cm.c
  [DEPS] net/udp/tftp.c
  [DEPS] net/udp/syslog.c
  [DEPS] net/udp/slam.c
  [DEPS] net/udp/ntp.c
  [DEPS] net/udp/dns.c
  [DEPS] net/udp/dhcpv6.c
  [DEPS] net/udp/dhcp.c
  [DEPS] net/tcp/syslogs.c
  [DEPS] net/tcp/oncrpc.c
  [DEPS] net/tcp/iscsi.c
  [DEPS] net/tcp/https.c
  [DEPS] net/tcp/httpntlm.c
  [DEPS] net/tcp/httpgce.c
  [DEPS] net/tcp/httpdigest.c
  [DEPS] net/tcp/httpcore.c
  [DEPS] net/tcp/httpconn.c
  [DEPS] net/tcp/httpblock.c
  [DEPS] net/tcp/httpbasic.c
  [DEPS] net/tcp/httpauth.c
  [DEPS] net/tcp/http.c
  [DEPS] net/tcp/ftp.c
  [DEPS] net/vlan.c
  [DEPS] net/validator.c
  [DEPS] net/udp.c
  [DEPS] net/tls.c
  [DEPS] net/tcpip.c
  [DEPS] net/tcp.c
  [DEPS] net/stp.c
  [DEPS] net/socket.c
  [DEPS] net/rndis.c
  [DEPS] net/retry.c
  [DEPS] net/rarp.c
  [DEPS] net/ping.c
  [DEPS] net/peermux.c
  [DEPS] net/peerdist.c
  [DEPS] net/peerdisc.c
  [DEPS] net/peerblk.c
  [DEPS] net/pccrd.c
  [DEPS] net/pccrc.c
  [DEPS] net/nullnet.c
  [DEPS] net/netdevice.c
  [DEPS] net/netdev_settings.c
  [DEPS] net/neighbour.c
  [DEPS] net/ndp.c
  [DEPS] net/ipv6.c
  [DEPS] net/ipv4.c
  [DEPS] net/iobpad.c
  [DEPS] net/infiniband.c
  [DEPS] net/icmpv6.c
  [DEPS] net/icmpv4.c
  [DEPS] net/icmp.c
  [DEPS] net/fragment.c
  [DEPS] net/fcp.c
  [DEPS] net/fcoe.c
  [DEPS] net/fcns.c
  [DEPS] net/fcels.c
  [DEPS] net/fc.c
  [DEPS] net/fakedhcp.c
  [DEPS] net/ethernet.c
  [DEPS] net/eth_slow.c
  [DEPS] net/eapol.c
  [DEPS] net/dhcppkt.c
  [DEPS] net/dhcpopts.c
  [DEPS] net/arp.c
  [DEPS] net/aoe.c
  [DEPS] core/xferbuf.c
  [DEPS] core/xfer.c
  [DEPS] core/vsprintf.c
  [DEPS] core/uri.c
  [DEPS] core/uart.c
  [DEPS] core/timer.c
  [DEPS] core/stringextra.c
  [DEPS] core/string.c
  [DEPS] core/settings.c
  [DEPS] core/serial.c
  [DEPS] core/sanboot.c
  [DEPS] core/resolv.c
  [DEPS] core/refcnt.c
  [DEPS] core/random.c
  [DEPS] core/profile.c
  [DEPS] core/process.c
  [DEPS] core/posix_io.c
  [DEPS] core/pool.c
  [DEPS] core/pixbuf.c
  [DEPS] core/pinger.c
  [DEPS] core/pending.c
  [DEPS] core/parseopt.c
  [DEPS] core/params.c
  [DEPS] core/open.c
  [DEPS] core/nvo.c
  [DEPS] core/null_sanboot.c
  [DEPS] core/null_reboot.c
  [DEPS] core/null_acpi.c
  [DEPS] core/monojob.c
  [DEPS] core/menu.c
  [DEPS] core/memmap_settings.c
  [DEPS] core/malloc.c
  [DEPS] core/main.c
  [DEPS] core/log.c
  [DEPS] core/list.c
  [DEPS] core/linebuf.c
  [DEPS] core/job.c
  [DEPS] core/iobuf.c
  [DEPS] core/interface.c
  [DEPS] core/init.c
  [DEPS] core/image.c
  [DEPS] core/hw.c
  [DEPS] core/getkey.c
  [DEPS] core/gdbudp.c
  [DEPS] core/gdbstub.c
  [DEPS] core/gdbserial.c
  [DEPS] core/fnrec.c
  [DEPS] core/fdt.c
  [DEPS] core/fbcon.c
  [DEPS] core/fault.c
  [DEPS] core/exec.c
  [DEPS] core/errno.c
  [DEPS] core/edd.c
  [DEPS] core/dummy_sanboot.c
  [DEPS] core/downloader.c
  [DEPS] core/dma.c
  [DEPS] core/device.c
  [DEPS] core/cwuri.c
  [DEPS] core/console.c
  [DEPS] core/blocktrans.c
  [DEPS] core/blockdev.c
  [DEPS] core/bitmap.c
  [DEPS] core/base64.c
  [DEPS] core/base16.c
  [DEPS] core/assert.c
  [DEPS] core/asprintf.c
  [DEPS] core/ansiesc.c
  [DEPS] core/ansicoldef.c
  [DEPS] core/ansicol.c
  [DEPS] core/acpi_settings.c
  [DEPS] core/acpi.c
  [BUILD] bin-x86_64-efi/__divdi3.o
  [BUILD] bin-x86_64-efi/__divmoddi4.o
  [BUILD] bin-x86_64-efi/__moddi3.o
  [BUILD] bin-x86_64-efi/__udivdi3.o
  [BUILD] bin-x86_64-efi/__udivmoddi4.o
  [BUILD] bin-x86_64-efi/__umoddi3.o
  [BUILD] bin-x86_64-efi/icc.o
  [BUILD] bin-x86_64-efi/implicit.o
  [BUILD] bin-x86_64-efi/acpi.o
  [BUILD] bin-x86_64-efi/acpi_settings.o
  [BUILD] bin-x86_64-efi/ansicol.o
  [BUILD] bin-x86_64-efi/ansicoldef.o
  [BUILD] bin-x86_64-efi/ansiesc.o
  [BUILD] bin-x86_64-efi/asprintf.o
  [BUILD] bin-x86_64-efi/assert.o
  [BUILD] bin-x86_64-efi/base16.o
  [BUILD] bin-x86_64-efi/base64.o
  [BUILD] bin-x86_64-efi/basename.o
  [BUILD] bin-x86_64-efi/bitmap.o
  [BUILD] bin-x86_64-efi/blockdev.o
  [BUILD] bin-x86_64-efi/blocktrans.o
  [BUILD] bin-x86_64-efi/console.o
  [BUILD] bin-x86_64-efi/cpio.o
  [BUILD] bin-x86_64-efi/ctype.o
  [BUILD] bin-x86_64-efi/cwuri.o
  [BUILD] bin-x86_64-efi/debug.o
  [BUILD] bin-x86_64-efi/debug_md5.o
  [BUILD] bin-x86_64-efi/device.o
  [BUILD] bin-x86_64-efi/dma.o
  [BUILD] bin-x86_64-efi/downloader.o
  [BUILD] bin-x86_64-efi/dummy_sanboot.o
  [BUILD] bin-x86_64-efi/edd.o
  [BUILD] bin-x86_64-efi/errno.o
  [BUILD] bin-x86_64-efi/exec.o
  [BUILD] bin-x86_64-efi/fault.o
  [BUILD] bin-x86_64-efi/fbcon.o
  [BUILD] bin-x86_64-efi/fdt.o
  [BUILD] bin-x86_64-efi/fnrec.o
  [BUILD] bin-x86_64-efi/gdbserial.o
  [BUILD] bin-x86_64-efi/gdbstub.o
  [BUILD] bin-x86_64-efi/gdbudp.o
  [BUILD] bin-x86_64-efi/getkey.o
  [BUILD] bin-x86_64-efi/getopt.o
  [BUILD] bin-x86_64-efi/hw.o
  [BUILD] bin-x86_64-efi/i82365.o
  [BUILD] bin-x86_64-efi/image.o
  [BUILD] bin-x86_64-efi/init.o
  [BUILD] bin-x86_64-efi/interface.o
  [BUILD] bin-x86_64-efi/iobuf.o
  [BUILD] bin-x86_64-efi/iomap_virt.o
  [BUILD] bin-x86_64-efi/isqrt.o
  [BUILD] bin-x86_64-efi/job.o
  [BUILD] bin-x86_64-efi/linebuf.o
  [BUILD] bin-x86_64-efi/lineconsole.o
  [BUILD] bin-x86_64-efi/list.o
  [BUILD] bin-x86_64-efi/log.o
  [BUILD] bin-x86_64-efi/main.o
  [BUILD] bin-x86_64-efi/malloc.o
  [BUILD] bin-x86_64-efi/memmap_settings.o
  [BUILD] bin-x86_64-efi/menu.o
  [BUILD] bin-x86_64-efi/monojob.o
  [BUILD] bin-x86_64-efi/netbios.o
  [BUILD] bin-x86_64-efi/null_acpi.o
  [BUILD] bin-x86_64-efi/null_nap.o
  [BUILD] bin-x86_64-efi/null_reboot.o
  [BUILD] bin-x86_64-efi/null_sanboot.o
  [BUILD] bin-x86_64-efi/null_time.o
  [BUILD] bin-x86_64-efi/nvo.o
  [BUILD] bin-x86_64-efi/open.o
  [BUILD] bin-x86_64-efi/params.o
  [BUILD] bin-x86_64-efi/parseopt.o
  [BUILD] bin-x86_64-efi/pc_kbd.o
  [BUILD] bin-x86_64-efi/pcmcia.o
  [BUILD] bin-x86_64-efi/pending.o
  [BUILD] bin-x86_64-efi/pinger.o
  [BUILD] bin-x86_64-efi/pixbuf.o
  [BUILD] bin-x86_64-efi/pool.o
  [BUILD] bin-x86_64-efi/posix_io.o
  [BUILD] bin-x86_64-efi/process.o
  [BUILD] bin-x86_64-efi/profile.o
  [BUILD] bin-x86_64-efi/quiesce.o
  [BUILD] bin-x86_64-efi/random.o
  [BUILD] bin-x86_64-efi/refcnt.o
  [BUILD] bin-x86_64-efi/resolv.o
  [BUILD] bin-x86_64-efi/sanboot.o
  [BUILD] bin-x86_64-efi/serial.o
  [BUILD] bin-x86_64-efi/settings.o
  [BUILD] bin-x86_64-efi/string.o
  [BUILD] bin-x86_64-efi/stringextra.o
  [BUILD] bin-x86_64-efi/time.o
  [BUILD] bin-x86_64-efi/timer.o
  [BUILD] bin-x86_64-efi/uart.o
  [BUILD] bin-x86_64-efi/uri.o
  [BUILD] bin-x86_64-efi/uuid.o
  [BUILD] bin-x86_64-efi/vsprintf.o
  [BUILD] bin-x86_64-efi/wchar.o
  [BUILD] bin-x86_64-efi/xfer.o
  [BUILD] bin-x86_64-efi/xferbuf.o
  [BUILD] bin-x86_64-efi/aoe.o
  [BUILD] bin-x86_64-efi/arp.o
  [BUILD] bin-x86_64-efi/dhcpopts.o
  [BUILD] bin-x86_64-efi/dhcppkt.o
  [BUILD] bin-x86_64-efi/eapol.o
  [BUILD] bin-x86_64-efi/eth_slow.o
  [BUILD] bin-x86_64-efi/ethernet.o
  [BUILD] bin-x86_64-efi/fakedhcp.o
  [BUILD] bin-x86_64-efi/fc.o
  [BUILD] bin-x86_64-efi/fcels.o
  [BUILD] bin-x86_64-efi/fcns.o
  [BUILD] bin-x86_64-efi/fcoe.o
  [BUILD] bin-x86_64-efi/fcp.o
  [BUILD] bin-x86_64-efi/fragment.o
  [BUILD] bin-x86_64-efi/icmp.o
  [BUILD] bin-x86_64-efi/icmpv4.o
  [BUILD] bin-x86_64-efi/icmpv6.o
  [BUILD] bin-x86_64-efi/infiniband.o
  [BUILD] bin-x86_64-efi/iobpad.o
  [BUILD] bin-x86_64-efi/ipv4.o
  [BUILD] bin-x86_64-efi/ipv6.o
  [BUILD] bin-x86_64-efi/ndp.o
  [BUILD] bin-x86_64-efi/neighbour.o
  [BUILD] bin-x86_64-efi/netdev_settings.o
  [BUILD] bin-x86_64-efi/netdevice.o
  [BUILD] bin-x86_64-efi/nullnet.o
  [BUILD] bin-x86_64-efi/pccrc.o
  [BUILD] bin-x86_64-efi/pccrd.o
  [BUILD] bin-x86_64-efi/peerblk.o
  [BUILD] bin-x86_64-efi/peerdisc.o
  [BUILD] bin-x86_64-efi/peerdist.o
  [BUILD] bin-x86_64-efi/peermux.o
  [BUILD] bin-x86_64-efi/ping.o
  [BUILD] bin-x86_64-efi/rarp.o
  [BUILD] bin-x86_64-efi/retry.o
  [BUILD] bin-x86_64-efi/rndis.o
  [BUILD] bin-x86_64-efi/socket.o
  [BUILD] bin-x86_64-efi/stp.o
  [BUILD] bin-x86_64-efi/tcp.o
  [BUILD] bin-x86_64-efi/tcpip.o
  [BUILD] bin-x86_64-efi/tls.o
  [BUILD] bin-x86_64-efi/udp.o
  [BUILD] bin-x86_64-efi/validator.o
  [BUILD] bin-x86_64-efi/vlan.o
  [BUILD] bin-x86_64-efi/ftp.o
  [BUILD] bin-x86_64-efi/http.o
  [BUILD] bin-x86_64-efi/httpauth.o
  [BUILD] bin-x86_64-efi/httpbasic.o
  [BUILD] bin-x86_64-efi/httpblock.o
  [BUILD] bin-x86_64-efi/httpconn.o
  [BUILD] bin-x86_64-efi/httpcore.o
  [BUILD] bin-x86_64-efi/httpdigest.o
  [BUILD] bin-x86_64-efi/httpgce.o
  [BUILD] bin-x86_64-efi/httpntlm.o
  [BUILD] bin-x86_64-efi/https.o
  [BUILD] bin-x86_64-efi/iscsi.o
  [BUILD] bin-x86_64-efi/oncrpc.o
  [BUILD] bin-x86_64-efi/syslogs.o
  [BUILD] bin-x86_64-efi/dhcp.o
  [BUILD] bin-x86_64-efi/dhcpv6.o
  [BUILD] bin-x86_64-efi/dns.o
  [BUILD] bin-x86_64-efi/ntp.o
  [BUILD] bin-x86_64-efi/slam.o
  [BUILD] bin-x86_64-efi/syslog.o
  [BUILD] bin-x86_64-efi/tftp.o
  [BUILD] bin-x86_64-efi/ib_cm.o
  [BUILD] bin-x86_64-efi/ib_cmrc.o
  [BUILD] bin-x86_64-efi/ib_mcast.o
  [BUILD] bin-x86_64-efi/ib_mi.o
  [BUILD] bin-x86_64-efi/ib_packet.o
  [BUILD] bin-x86_64-efi/ib_pathrec.o
  [BUILD] bin-x86_64-efi/ib_service.o
  [BUILD] bin-x86_64-efi/ib_sma.o
  [BUILD] bin-x86_64-efi/ib_smc.o
  [BUILD] bin-x86_64-efi/ib_srp.o
  [BUILD] bin-x86_64-efi/xsigo.o
  [BUILD] bin-x86_64-efi/der.o
  [BUILD] bin-x86_64-efi/efi_image.o
  [BUILD] bin-x86_64-efi/elf.o
  [BUILD] bin-x86_64-efi/embedded.o
  [BUILD] bin-x86_64-efi/pem.o
  [BUILD] bin-x86_64-efi/png.o
  [BUILD] bin-x86_64-efi/pnm.o
  [BUILD] bin-x86_64-efi/script.o
  [BUILD] bin-x86_64-efi/segment.o
  [BUILD] bin-x86_64-efi/cdc.o
  [BUILD] bin-x86_64-efi/eisa.o
  [BUILD] bin-x86_64-efi/isa.o
  [BUILD] bin-x86_64-efi/isa_ids.o
  [BUILD] bin-x86_64-efi/isapnp.o
  [BUILD] bin-x86_64-efi/mca.o
  [BUILD] bin-x86_64-efi/pci.o
  [BUILD] bin-x86_64-efi/pci_settings.o
  [BUILD] bin-x86_64-efi/pcibackup.o
  [BUILD] bin-x86_64-efi/pciea.o
  [BUILD] bin-x86_64-efi/pciextra.o
  [BUILD] bin-x86_64-efi/pcimsix.o
  [BUILD] bin-x86_64-efi/pcivpd.o
  [BUILD] bin-x86_64-efi/usb.o
  [BUILD] bin-x86_64-efi/virtio-pci.o
  [BUILD] bin-x86_64-efi/virtio-ring.o
  [BUILD] bin-x86_64-efi/3c503.o
  [BUILD] bin-x86_64-efi/3c509-eisa.o
  [BUILD] bin-x86_64-efi/3c509.o
  [BUILD] bin-x86_64-efi/3c515.o
  [BUILD] bin-x86_64-efi/3c529.o
  [BUILD] bin-x86_64-efi/3c595.o
  [BUILD] bin-x86_64-efi/3c5x9.o
  [BUILD] bin-x86_64-efi/3c90x.o
  [BUILD] bin-x86_64-efi/acm.o
  [BUILD] bin-x86_64-efi/amd8111e.o
  [BUILD] bin-x86_64-efi/atl1e.o
  [BUILD] bin-x86_64-efi/axge.o
  [BUILD] bin-x86_64-efi/b44.o
  [BUILD] bin-x86_64-efi/bnx2.o
  [BUILD] bin-x86_64-efi/cs89x0.o
  [BUILD] bin-x86_64-efi/davicom.o
  [BUILD] bin-x86_64-efi/depca.o
  [BUILD] bin-x86_64-efi/dm96xx.o
  [BUILD] bin-x86_64-efi/dmfe.o
  [BUILD] bin-x86_64-efi/ecm.o
  [BUILD] bin-x86_64-efi/eepro.o
  [BUILD] bin-x86_64-efi/eepro100.o
  [BUILD] bin-x86_64-efi/ena.o
  [BUILD] bin-x86_64-efi/eoib.o
  [BUILD] bin-x86_64-efi/epic100.o
  [BUILD] bin-x86_64-efi/etherfabric.o
  [BUILD] bin-x86_64-efi/exanic.o
  [BUILD] bin-x86_64-efi/forcedeth.o
  [BUILD] bin-x86_64-efi/icplus.o
  [BUILD] bin-x86_64-efi/intel.o
  [BUILD] bin-x86_64-efi/intelvf.o
  [BUILD] bin-x86_64-efi/intelx.o
  [BUILD] bin-x86_64-efi/intelxl.o
  [BUILD] bin-x86_64-efi/intelxlvf.o
  [BUILD] bin-x86_64-efi/intelxvf.o
  [BUILD] bin-x86_64-efi/iphone.o
  [BUILD] bin-x86_64-efi/ipoib.o
  [BUILD] bin-x86_64-efi/jme.o
  [BUILD] bin-x86_64-efi/lan78xx.o
  [BUILD] bin-x86_64-efi/legacy.o
  [BUILD] bin-x86_64-efi/mii.o
  [BUILD] bin-x86_64-efi/myri10ge.o
  [BUILD] bin-x86_64-efi/myson.o
  [BUILD] bin-x86_64-efi/natsemi.o
  [BUILD] bin-x86_64-efi/ncm.o
  [BUILD] bin-x86_64-efi/ne.o
  [BUILD] bin-x86_64-efi/ne2k_isa.o
  [BUILD] bin-x86_64-efi/netfront.o
  [BUILD] bin-x86_64-efi/netvsc.o
  [BUILD] bin-x86_64-efi/ns8390.o
  [BUILD] bin-x86_64-efi/pcnet32.o
  [BUILD] bin-x86_64-efi/pnic.o
  [BUILD] bin-x86_64-efi/prism2_pci.o
  [BUILD] bin-x86_64-efi/prism2_plx.o
  [BUILD] bin-x86_64-efi/realtek.o
  [BUILD] bin-x86_64-efi/rhine.o
  [BUILD] bin-x86_64-efi/sis190.o
  [BUILD] bin-x86_64-efi/sis900.o
  [BUILD] bin-x86_64-efi/skeleton.o
  [BUILD] bin-x86_64-efi/skge.o
  [BUILD] bin-x86_64-efi/sky2.o
  [BUILD] bin-x86_64-efi/smc9000.o
  [BUILD] bin-x86_64-efi/smsc75xx.o
  [BUILD] bin-x86_64-efi/smsc95xx.o
  [BUILD] bin-x86_64-efi/smscusb.o
  [BUILD] bin-x86_64-efi/sundance.o
  [BUILD] bin-x86_64-efi/thunderx.o
  [BUILD] bin-x86_64-efi/tlan.o
  [BUILD] bin-x86_64-efi/tulip.o
  [BUILD] bin-x86_64-efi/velocity.o
  [BUILD] bin-x86_64-efi/virtio-net.o
  [BUILD] bin-x86_64-efi/vmxnet3.o
  [BUILD] bin-x86_64-efi/w89c840.o
  [BUILD] bin-x86_64-efi/wd.o
  [BUILD] bin-x86_64-efi/igbvf_main.o
  [BUILD] bin-x86_64-efi/igbvf_mbx.o
  [BUILD] bin-x86_64-efi/igbvf_vf.o
  [BUILD] bin-x86_64-efi/phantom.o
  [BUILD] bin-x86_64-efi/vxge.o
  [BUILD] bin-x86_64-efi/vxge_config.o
  [BUILD] bin-x86_64-efi/vxge_main.o
  [BUILD] bin-x86_64-efi/vxge_traffic.o
  [BUILD] bin-x86_64-efi/nii.o
  [BUILD] bin-x86_64-efi/snp.o
  [BUILD] bin-x86_64-efi/snpnet.o
  [BUILD] bin-x86_64-efi/snponly.o
  [BUILD] bin-x86_64-efi/tg3.o
  [BUILD] bin-x86_64-efi/tg3_hw.o
  [BUILD] bin-x86_64-efi/tg3_phy.o
  [BUILD] bin-x86_64-efi/bnxt.o
  [BUILD] bin-x86_64-efi/efx_common.o
  [BUILD] bin-x86_64-efi/efx_hunt.o
  [BUILD] bin-x86_64-efi/sfc_hunt.o
  [BUILD] bin-x86_64-efi/ata.o
  [BUILD] bin-x86_64-efi/ibft.o
  [BUILD] bin-x86_64-efi/scsi.o
  [BUILD] bin-x86_64-efi/srp.o
  [BUILD] bin-x86_64-efi/nvs.o
  [BUILD] bin-x86_64-efi/nvsvpd.o
  [BUILD] bin-x86_64-efi/spi.o
  [BUILD] bin-x86_64-efi/threewire.o
  [BUILD] bin-x86_64-efi/bitbash.o
  [BUILD] bin-x86_64-efi/i2c_bit.o
  [BUILD] bin-x86_64-efi/mii_bit.o
  [BUILD] bin-x86_64-efi/spi_bit.o
  [BUILD] bin-x86_64-efi/arbel.o
  [BUILD] bin-x86_64-efi/flexboot_nodnic.o
  [BUILD] bin-x86_64-efi/golan.o
  [BUILD] bin-x86_64-efi/hermon.o
  [BUILD] bin-x86_64-efi/linda.o
  [BUILD] bin-x86_64-efi/linda_fw.o
  [BUILD] bin-x86_64-efi/qib7322.o
  [BUILD] bin-x86_64-efi/mlx_memory_priv.o
  [BUILD] bin-x86_64-efi/mlx_pci_priv.o
  [BUILD] bin-x86_64-efi/mlx_utils_priv.o
  [BUILD] bin-x86_64-efi/mlx_icmd.o
  [BUILD] bin-x86_64-efi/mlx_memory.o
  [BUILD] bin-x86_64-efi/mlx_pci.o
  [BUILD] bin-x86_64-efi/mlx_pci_gw.o
  [BUILD] bin-x86_64-efi/mlx_utils.o
  [BUILD] bin-x86_64-efi/mlx_reg_access.o
  [BUILD] bin-x86_64-efi/mlx_nvconfig.o
  [BUILD] bin-x86_64-efi/mlx_nvconfig_defaults.o
  [BUILD] bin-x86_64-efi/mlx_vmac.o
  [BUILD] bin-x86_64-efi/mlx_blink_leds.o
  [BUILD] bin-x86_64-efi/mlx_link_speed.o
  [BUILD] bin-x86_64-efi/mlx_mtu.o
  [BUILD] bin-x86_64-efi/mlx_cmd.o
  [BUILD] bin-x86_64-efi/mlx_device.o
  [BUILD] bin-x86_64-efi/mlx_port.o
  [BUILD] bin-x86_64-efi/ehci.o
  [BUILD] bin-x86_64-efi/uhci.o
  [BUILD] bin-x86_64-efi/usbblk.o
  [BUILD] bin-x86_64-efi/usbhid.o
  [BUILD] bin-x86_64-efi/usbhub.o
  [BUILD] bin-x86_64-efi/usbio.o
  [BUILD] bin-x86_64-efi/usbkbd.o
  [BUILD] bin-x86_64-efi/usbnet.o
  [BUILD] bin-x86_64-efi/xhci.o
  [BUILD] bin-x86_64-efi/efi_acpi.o
  [BUILD] bin-x86_64-efi/efi_autoboot.o
  [BUILD] bin-x86_64-efi/efi_block.o
  [BUILD] bin-x86_64-efi/efi_bofm.o
  [BUILD] bin-x86_64-efi/efi_console.o
  [BUILD] bin-x86_64-efi/efi_debug.o
  [BUILD] bin-x86_64-efi/efi_download.o
  [BUILD] bin-x86_64-efi/efi_driver.o
  [BUILD] bin-x86_64-efi/efi_entropy.o
  [BUILD] bin-x86_64-efi/efi_fbcon.o
  [BUILD] bin-x86_64-efi/efi_fdt.o
  [BUILD] bin-x86_64-efi/efi_file.o
  [BUILD] bin-x86_64-efi/efi_guid.o
  [BUILD] bin-x86_64-efi/efi_hii.o
  [BUILD] bin-x86_64-efi/efi_init.o
  [BUILD] bin-x86_64-efi/efi_local.o
  [BUILD] bin-x86_64-efi/efi_null.o
  [BUILD] bin-x86_64-efi/efi_path.o
  [BUILD] bin-x86_64-efi/efi_pci.o
  [BUILD] bin-x86_64-efi/efi_pxe.o
  [BUILD] bin-x86_64-efi/efi_reboot.o
  [BUILD] bin-x86_64-efi/efi_smbios.o
  [BUILD] bin-x86_64-efi/efi_snp.o
  [BUILD] bin-x86_64-efi/efi_snp_hii.o
  [BUILD] bin-x86_64-efi/efi_strings.o
  [BUILD] bin-x86_64-efi/efi_time.o
  [BUILD] bin-x86_64-efi/efi_timer.o
  [BUILD] bin-x86_64-efi/efi_uaccess.o
  [BUILD] bin-x86_64-efi/efi_umalloc.o
  [BUILD] bin-x86_64-efi/efi_usb.o
  [BUILD] bin-x86_64-efi/efi_utils.o
  [BUILD] bin-x86_64-efi/efi_veto.o
  [BUILD] bin-x86_64-efi/efi_watchdog.o
  [BUILD] bin-x86_64-efi/efi_wrap.o
  [BUILD] bin-x86_64-efi/efidrvprefix.o
  [BUILD] bin-x86_64-efi/efiprefix.o
  [BUILD] bin-x86_64-efi/smbios.o
  [BUILD] bin-x86_64-efi/smbios_settings.o
  [BUILD] bin-x86_64-efi/bofm.o
  [BUILD] bin-x86_64-efi/xenbus.o
  [BUILD] bin-x86_64-efi/xengrant.o
  [BUILD] bin-x86_64-efi/xenstore.o
  [BUILD] bin-x86_64-efi/vmbus.o
  [BUILD] bin-x86_64-efi/aes_test.o
  [BUILD] bin-x86_64-efi/asn1_test.o
  [BUILD] bin-x86_64-efi/base16_test.o
  [BUILD] bin-x86_64-efi/base64_test.o
  [BUILD] bin-x86_64-efi/bigint_test.o
  [BUILD] bin-x86_64-efi/bitops_test.o
arch/x86/include/bits/bitops.h: Assembler messages:
arch/x86/include/bits/bitops.h:32: Warning: no instruction mnemonic suffix given and no register operands; using default for `bts'
arch/x86/include/bits/bitops.h:32: Warning: no instruction mnemonic suffix given and no register operands; using default for `bts'
arch/x86/include/bits/bitops.h:32: Warning: no instruction mnemonic suffix given and no register operands; using default for `bts'
arch/x86/include/bits/bitops.h:32: Warning: no instruction mnemonic suffix given and no register operands; using default for `bts'
arch/x86/include/bits/bitops.h:48: Warning: no instruction mnemonic suffix given and no register operands; using default for `btr'
arch/x86/include/bits/bitops.h:66: Warning: no instruction mnemonic suffix given and no register operands; using default for `bts'
arch/x86/include/bits/bitops.h:66: Warning: no instruction mnemonic suffix given and no register operands; using default for `bts'
arch/x86/include/bits/bitops.h:87: Warning: no instruction mnemonic suffix given and no register operands; using default for `btr'
arch/x86/include/bits/bitops.h:87: Warning: no instruction mnemonic suffix given and no register operands; using default for `btr'
  [BUILD] bin-x86_64-efi/bofm_test.o
  [BUILD] bin-x86_64-efi/byteswap_test.o
  [BUILD] bin-x86_64-efi/cipher_test.o
  [BUILD] bin-x86_64-efi/cms_test.o
  [BUILD] bin-x86_64-efi/crc32_test.o
  [BUILD] bin-x86_64-efi/deflate_test.o
  [BUILD] bin-x86_64-efi/der_test.o
  [BUILD] bin-x86_64-efi/digest_test.o
  [BUILD] bin-x86_64-efi/dns_test.o
  [BUILD] bin-x86_64-efi/entropy_sample.o
  [BUILD] bin-x86_64-efi/hash_df_test.o
  [BUILD] bin-x86_64-efi/hmac_drbg_test.o
  [BUILD] bin-x86_64-efi/iobuf_test.o
  [BUILD] bin-x86_64-efi/ipv4_test.o
  [BUILD] bin-x86_64-efi/ipv6_test.o
  [BUILD] bin-x86_64-efi/linebuf_test.o
  [BUILD] bin-x86_64-efi/list_test.o
  [BUILD] bin-x86_64-efi/math_test.o
  [BUILD] bin-x86_64-efi/md4_test.o
  [BUILD] bin-x86_64-efi/md5_test.o
  [BUILD] bin-x86_64-efi/memcpy_test.o
  [BUILD] bin-x86_64-efi/memset_test.o
  [BUILD] bin-x86_64-efi/ntlm_test.o
  [BUILD] bin-x86_64-efi/ocsp_test.o
  [BUILD] bin-x86_64-efi/pccrc_test.o
  [BUILD] bin-x86_64-efi/pem_test.o
  [BUILD] bin-x86_64-efi/pixbuf_test.o
  [BUILD] bin-x86_64-efi/png_test.o
  [BUILD] bin-x86_64-efi/pnm_test.o
  [BUILD] bin-x86_64-efi/profile_test.o
  [BUILD] bin-x86_64-efi/rsa_test.o
  [BUILD] bin-x86_64-efi/setjmp_test.o
  [BUILD] bin-x86_64-efi/settings_test.o
  [BUILD] bin-x86_64-efi/sha1_test.o
  [BUILD] bin-x86_64-efi/sha256_test.o
  [BUILD] bin-x86_64-efi/sha512_test.o
  [BUILD] bin-x86_64-efi/string_test.o
  [BUILD] bin-x86_64-efi/tcpip_test.o
  [BUILD] bin-x86_64-efi/test.o
  [BUILD] bin-x86_64-efi/tests.o
  [BUILD] bin-x86_64-efi/time_test.o
  [BUILD] bin-x86_64-efi/umalloc_test.o
  [BUILD] bin-x86_64-efi/uri_test.o
  [BUILD] bin-x86_64-efi/vsprintf_test.o
  [BUILD] bin-x86_64-efi/x509_test.o
  [BUILD] bin-x86_64-efi/aes.o
  [BUILD] bin-x86_64-efi/aes_wrap.o
  [BUILD] bin-x86_64-efi/arc4.o
  [BUILD] bin-x86_64-efi/asn1.o
  [BUILD] bin-x86_64-efi/bigint.o
  [BUILD] bin-x86_64-efi/cbc.o
  [BUILD] bin-x86_64-efi/certstore.o
  [BUILD] bin-x86_64-efi/chap.o
  [BUILD] bin-x86_64-efi/cms.o
  [BUILD] bin-x86_64-efi/crc32.o
  [BUILD] bin-x86_64-efi/crypto_null.o
  [BUILD] bin-x86_64-efi/deflate.o
  [BUILD] bin-x86_64-efi/drbg.o
  [BUILD] bin-x86_64-efi/ecb.o
  [BUILD] bin-x86_64-efi/entropy.o
  [BUILD] bin-x86_64-efi/hash_df.o
  [BUILD] bin-x86_64-efi/hmac.o
  [BUILD] bin-x86_64-efi/hmac_drbg.o
  [BUILD] bin-x86_64-efi/md4.o
  [BUILD] bin-x86_64-efi/md5.o
  [BUILD] bin-x86_64-efi/ntlm.o
  [BUILD] bin-x86_64-efi/null_entropy.o
  [BUILD] bin-x86_64-efi/ocsp.o
  [BUILD] bin-x86_64-efi/privkey.o
  [BUILD] bin-x86_64-efi/random_nz.o
  [BUILD] bin-x86_64-efi/rbg.o
  [BUILD] bin-x86_64-efi/rootcert.o
  [BUILD] bin-x86_64-efi/rsa.o
  [BUILD] bin-x86_64-efi/sha1.o
  [BUILD] bin-x86_64-efi/sha1extra.o
  [BUILD] bin-x86_64-efi/sha224.o
  [BUILD] bin-x86_64-efi/sha256.o
  [BUILD] bin-x86_64-efi/sha384.o
  [BUILD] bin-x86_64-efi/sha512.o
  [BUILD] bin-x86_64-efi/sha512_224.o
  [BUILD] bin-x86_64-efi/sha512_256.o
  [BUILD] bin-x86_64-efi/x509.o
  [BUILD] bin-x86_64-efi/oid_md4.o
  [BUILD] bin-x86_64-efi/oid_md5.o
  [BUILD] bin-x86_64-efi/oid_rsa.o
  [BUILD] bin-x86_64-efi/oid_sha1.o
  [BUILD] bin-x86_64-efi/oid_sha224.o
  [BUILD] bin-x86_64-efi/oid_sha256.o
  [BUILD] bin-x86_64-efi/oid_sha384.o
  [BUILD] bin-x86_64-efi/oid_sha512.o
  [BUILD] bin-x86_64-efi/oid_sha512_224.o
  [BUILD] bin-x86_64-efi/oid_sha512_256.o
  [BUILD] bin-x86_64-efi/rsa_aes_cbc_sha1.o
  [BUILD] bin-x86_64-efi/rsa_aes_cbc_sha256.o
  [BUILD] bin-x86_64-efi/rsa_md5.o
  [BUILD] bin-x86_64-efi/rsa_sha1.o
  [BUILD] bin-x86_64-efi/rsa_sha224.o
  [BUILD] bin-x86_64-efi/rsa_sha256.o
  [BUILD] bin-x86_64-efi/rsa_sha384.o
  [BUILD] bin-x86_64-efi/rsa_sha512.o
  [BUILD] bin-x86_64-efi/editstring.o
  [BUILD] bin-x86_64-efi/jumpscroll.o
  [BUILD] bin-x86_64-efi/linux_args.o
  [BUILD] bin-x86_64-efi/readline.o
  [BUILD] bin-x86_64-efi/shell.o
  [BUILD] bin-x86_64-efi/strerror.o
  [BUILD] bin-x86_64-efi/wireless_errors.o
  [BUILD] bin-x86_64-efi/autoboot_cmd.o
  [BUILD] bin-x86_64-efi/cert_cmd.o
  [BUILD] bin-x86_64-efi/config_cmd.o
  [BUILD] bin-x86_64-efi/console_cmd.o
  [BUILD] bin-x86_64-efi/dhcp_cmd.o
  [BUILD] bin-x86_64-efi/digest_cmd.o
  [BUILD] bin-x86_64-efi/fcmgmt_cmd.o
  [BUILD] bin-x86_64-efi/gdbstub_cmd.o
  [BUILD] bin-x86_64-efi/ibmgmt_cmd.o
  [BUILD] bin-x86_64-efi/ifmgmt_cmd.o
  [BUILD] bin-x86_64-efi/image_cmd.o
  [BUILD] bin-x86_64-efi/image_trust_cmd.o
  [BUILD] bin-x86_64-efi/ipstat_cmd.o
  [BUILD] bin-x86_64-efi/iwmgmt_cmd.o
  [BUILD] bin-x86_64-efi/login_cmd.o
  [BUILD] bin-x86_64-efi/lotest_cmd.o
  [BUILD] bin-x86_64-efi/menu_cmd.o
  [BUILD] bin-x86_64-efi/neighbour_cmd.o
  [BUILD] bin-x86_64-efi/nslookup_cmd.o
  [BUILD] bin-x86_64-efi/ntp_cmd.o
  [BUILD] bin-x86_64-efi/nvo_cmd.o
  [BUILD] bin-x86_64-efi/param_cmd.o
  [BUILD] bin-x86_64-efi/pci_cmd.o
  [BUILD] bin-x86_64-efi/ping_cmd.o
  [BUILD] bin-x86_64-efi/poweroff_cmd.o
  [BUILD] bin-x86_64-efi/profstat_cmd.o
  [BUILD] bin-x86_64-efi/reboot_cmd.o
  [BUILD] bin-x86_64-efi/route_cmd.o
  [BUILD] bin-x86_64-efi/sanboot_cmd.o
  [BUILD] bin-x86_64-efi/sync_cmd.o
  [BUILD] bin-x86_64-efi/time_cmd.o
  [BUILD] bin-x86_64-efi/vlan_cmd.o
  [BUILD] bin-x86_64-efi/login_ui.o
  [BUILD] bin-x86_64-efi/menu_ui.o
  [BUILD] bin-x86_64-efi/settings_ui.o
  [BUILD] bin-x86_64-efi/alert.o
  [BUILD] bin-x86_64-efi/ansi_screen.o
  [BUILD] bin-x86_64-efi/clear.o
  [BUILD] bin-x86_64-efi/colour.o
  [BUILD] bin-x86_64-efi/edging.o
  [BUILD] bin-x86_64-efi/kb.o
  [BUILD] bin-x86_64-efi/mucurses.o
  [BUILD] bin-x86_64-efi/print.o
  [BUILD] bin-x86_64-efi/print_nadv.o
  [BUILD] bin-x86_64-efi/slk.o
  [BUILD] bin-x86_64-efi/winattrs.o
  [BUILD] bin-x86_64-efi/windows.o
  [BUILD] bin-x86_64-efi/wininit.o
  [BUILD] bin-x86_64-efi/editbox.o
  [BUILD] bin-x86_64-efi/keymap_al.o
  [BUILD] bin-x86_64-efi/keymap_az.o
  [BUILD] bin-x86_64-efi/keymap_bg.o
  [BUILD] bin-x86_64-efi/keymap_by.o
  [BUILD] bin-x86_64-efi/keymap_cf.o
  [BUILD] bin-x86_64-efi/keymap_cz.o
  [BUILD] bin-x86_64-efi/keymap_de.o
  [BUILD] bin-x86_64-efi/keymap_dk.o
  [BUILD] bin-x86_64-efi/keymap_es.o
  [BUILD] bin-x86_64-efi/keymap_et.o
  [BUILD] bin-x86_64-efi/keymap_fi.o
  [BUILD] bin-x86_64-efi/keymap_fr.o
  [BUILD] bin-x86_64-efi/keymap_gr.o
  [BUILD] bin-x86_64-efi/keymap_hu.o
  [BUILD] bin-x86_64-efi/keymap_il.o
  [BUILD] bin-x86_64-efi/keymap_it.o
  [BUILD] bin-x86_64-efi/keymap_lt.o
  [BUILD] bin-x86_64-efi/keymap_mk.o
  [BUILD] bin-x86_64-efi/keymap_mt.o
  [BUILD] bin-x86_64-efi/keymap_nl.o
  [BUILD] bin-x86_64-efi/keymap_no-latin1.o
  [BUILD] bin-x86_64-efi/keymap_no.o
  [BUILD] bin-x86_64-efi/keymap_pl.o
  [BUILD] bin-x86_64-efi/keymap_pt.o
  [BUILD] bin-x86_64-efi/keymap_ro.o
  [BUILD] bin-x86_64-efi/keymap_ru.o
  [BUILD] bin-x86_64-efi/keymap_sg.o
  [BUILD] bin-x86_64-efi/keymap_sr.o
  [BUILD] bin-x86_64-efi/keymap_th.o
  [BUILD] bin-x86_64-efi/keymap_ua.o
  [BUILD] bin-x86_64-efi/keymap_uk.o
  [BUILD] bin-x86_64-efi/keymap_us.o
  [BUILD] bin-x86_64-efi/keymap_wo.o
  [BUILD] bin-x86_64-efi/autoboot.o
  [BUILD] bin-x86_64-efi/certmgmt.o
  [BUILD] bin-x86_64-efi/dhcpmgmt.o
  [BUILD] bin-x86_64-efi/fcmgmt.o
  [BUILD] bin-x86_64-efi/ibmgmt.o
  [BUILD] bin-x86_64-efi/ifmgmt.o
  [BUILD] bin-x86_64-efi/imgmgmt.o
  [BUILD] bin-x86_64-efi/imgtrust.o
  [BUILD] bin-x86_64-efi/ipstat.o
  [BUILD] bin-x86_64-efi/iwmgmt.o
  [BUILD] bin-x86_64-efi/lotest.o
  [BUILD] bin-x86_64-efi/neighmgmt.o
  [BUILD] bin-x86_64-efi/nslookup.o
  [BUILD] bin-x86_64-efi/ntpmgmt.o
  [BUILD] bin-x86_64-efi/pingmgmt.o
  [BUILD] bin-x86_64-efi/profstat.o
  [BUILD] bin-x86_64-efi/prompt.o
  [BUILD] bin-x86_64-efi/pxemenu.o
  [BUILD] bin-x86_64-efi/route.o
  [BUILD] bin-x86_64-efi/route_ipv4.o
  [BUILD] bin-x86_64-efi/route_ipv6.o
  [BUILD] bin-x86_64-efi/sync.o
  [BUILD] bin-x86_64-efi/config.o
  [BUILD] bin-x86_64-efi/config_asn1.o
  [BUILD] bin-x86_64-efi/config_crypto.o
  [BUILD] bin-x86_64-efi/config_efi.o
  [BUILD] bin-x86_64-efi/config_ethernet.o
  [BUILD] bin-x86_64-efi/config_fc.o
  [BUILD] bin-x86_64-efi/config_fdt.o
  [BUILD] bin-x86_64-efi/config_http.o
  [BUILD] bin-x86_64-efi/config_infiniband.o
  [BUILD] bin-x86_64-efi/config_linux.o
  [BUILD] bin-x86_64-efi/config_net80211.o
  [BUILD] bin-x86_64-efi/config_pcbios.o
  [BUILD] bin-x86_64-efi/config_pixbuf.o
  [BUILD] bin-x86_64-efi/config_romprefix.o
  [BUILD] bin-x86_64-efi/config_route.o
  [BUILD] bin-x86_64-efi/config_timer.o
  [BUILD] bin-x86_64-efi/config_usb.o
  [BUILD] bin-x86_64-efi/basemem_packet.o
  [BUILD] bin-x86_64-efi/cachedhcp.o
  [BUILD] bin-x86_64-efi/cpuid.o
  [BUILD] bin-x86_64-efi/cpuid_settings.o
  [BUILD] bin-x86_64-efi/debugcon.o
  [BUILD] bin-x86_64-efi/dumpregs.o
  [BUILD] bin-x86_64-efi/gdbmach.o
  [BUILD] bin-x86_64-efi/pci_autoboot.o
  [BUILD] bin-x86_64-efi/pcidirect.o
  [BUILD] bin-x86_64-efi/pic8259.o
  [BUILD] bin-x86_64-efi/pit8254.o
  [BUILD] bin-x86_64-efi/rdtsc_timer.o
  [BUILD] bin-x86_64-efi/relocate.o
  [BUILD] bin-x86_64-efi/runtime.o
  [BUILD] bin-x86_64-efi/video_subr.o
  [BUILD] bin-x86_64-efi/vram_settings.o
  [BUILD] bin-x86_64-efi/x86_bigint.o
  [BUILD] bin-x86_64-efi/x86_io.o
  [BUILD] bin-x86_64-efi/x86_string.o
  [BUILD] bin-x86_64-efi/x86_tcpip.o
  [BUILD] bin-x86_64-efi/x86_uart.o
  [BUILD] bin-x86_64-efi/bootsector.o
  [BUILD] bin-x86_64-efi/bzimage.o
  [BUILD] bin-x86_64-efi/com32.o
  [BUILD] bin-x86_64-efi/comboot.o
  [BUILD] bin-x86_64-efi/elfboot.o
  [BUILD] bin-x86_64-efi/initrd.o
  [BUILD] bin-x86_64-efi/multiboot.o
  [BUILD] bin-x86_64-efi/nbi.o
  [BUILD] bin-x86_64-efi/pxe_image.o
  [BUILD] bin-x86_64-efi/sdi.o
  [BUILD] bin-x86_64-efi/acpi_timer.o
  [BUILD] bin-x86_64-efi/acpipwr.o
  [BUILD] bin-x86_64-efi/apm.o
  [BUILD] bin-x86_64-efi/basemem.o
  [BUILD] bin-x86_64-efi/bios_console.o
  [BUILD] bin-x86_64-efi/bios_nap.o
  [BUILD] bin-x86_64-efi/bios_reboot.o
  [BUILD] bin-x86_64-efi/bios_smbios.o
  [BUILD] bin-x86_64-efi/bios_timer.o
  [BUILD] bin-x86_64-efi/biosint.o
  [BUILD] bin-x86_64-efi/fakee820.o
  [BUILD] bin-x86_64-efi/hidemem.o
  [BUILD] bin-x86_64-efi/int13.o
  [BUILD] bin-x86_64-efi/int13con.o
  [BUILD] bin-x86_64-efi/memmap.o
  [BUILD] bin-x86_64-efi/memtop_umalloc.o
  [BUILD] bin-x86_64-efi/pcibios.o
  [BUILD] bin-x86_64-efi/pnpbios.o
  [BUILD] bin-x86_64-efi/rsdp.o
  [BUILD] bin-x86_64-efi/rtc_entropy.o
  [BUILD] bin-x86_64-efi/rtc_time.o
  [BUILD] bin-x86_64-efi/vesafb.o
  [BUILD] bin-x86_64-efi/pxe_call.o
  [BUILD] bin-x86_64-efi/pxe_exit_hook.o
  [BUILD] bin-x86_64-efi/pxe_file.o
  [BUILD] bin-x86_64-efi/pxe_loader.o
  [BUILD] bin-x86_64-efi/pxe_preboot.o
  [BUILD] bin-x86_64-efi/pxe_tftp.o
  [BUILD] bin-x86_64-efi/pxe_udp.o
  [BUILD] bin-x86_64-efi/pxe_undi.o
  [BUILD] bin-x86_64-efi/efix86_nap.o
  [BUILD] bin-x86_64-efi/guestinfo.o
  [BUILD] bin-x86_64-efi/guestrpc.o
  [BUILD] bin-x86_64-efi/vmconsole.o
  [BUILD] bin-x86_64-efi/vmware.o
  [BUILD] bin-x86_64-efi/com32_call.o
  [BUILD] bin-x86_64-efi/comboot_call.o
  [BUILD] bin-x86_64-efi/comboot_resolv.o
  [BUILD] bin-x86_64-efi/cpuid_cmd.o
  [BUILD] bin-x86_64-efi/pxe_cmd.o
  [BUILD] bin-x86_64-efi/hvm.o
  [BUILD] bin-x86_64-efi/hyperv.o
  [BUILD] bin-x86_64-efi/librm_mgmt.o
  [BUILD] bin-x86_64-efi/librm_test.o
  [BUILD] bin-x86_64-efi/mount.o
  [BUILD] bin-x86_64-efi/nfs.o
  [BUILD] bin-x86_64-efi/nfs_open.o
  [BUILD] bin-x86_64-efi/nfs_uri.o
  [BUILD] bin-x86_64-efi/oncrpc_iob.o
  [BUILD] bin-x86_64-efi/portmap.o
  [BUILD] bin-x86_64-efi/net80211.o
  [BUILD] bin-x86_64-efi/rc80211.o
  [BUILD] bin-x86_64-efi/sec80211.o
  [BUILD] bin-x86_64-efi/wep.o
  [BUILD] bin-x86_64-efi/wpa.o
  [BUILD] bin-x86_64-efi/wpa_ccmp.o
  [BUILD] bin-x86_64-efi/wpa_psk.o
  [BUILD] bin-x86_64-efi/wpa_tkip.o
  [BUILD] bin-x86_64-efi/rtl8180.o
  [BUILD] bin-x86_64-efi/rtl8180_grf5101.o
  [BUILD] bin-x86_64-efi/rtl8180_max2820.o
  [BUILD] bin-x86_64-efi/rtl8180_sa2400.o
  [BUILD] bin-x86_64-efi/rtl8185.o
  [BUILD] bin-x86_64-efi/rtl8185_rtl8225.o
  [BUILD] bin-x86_64-efi/rtl818x.o
  [BUILD] bin-x86_64-efi/ath_hw.o
  [BUILD] bin-x86_64-efi/ath_key.o
  [BUILD] bin-x86_64-efi/ath_regd.o
  [BUILD] bin-x86_64-efi/ath5k.o
  [BUILD] bin-x86_64-efi/ath5k_attach.o
  [BUILD] bin-x86_64-efi/ath5k_caps.o
  [BUILD] bin-x86_64-efi/ath5k_desc.o
  [BUILD] bin-x86_64-efi/ath5k_dma.o
  [BUILD] bin-x86_64-efi/ath5k_eeprom.o
  [BUILD] bin-x86_64-efi/ath5k_gpio.o
  [BUILD] bin-x86_64-efi/ath5k_initvals.o
  [BUILD] bin-x86_64-efi/ath5k_pcu.o
  [BUILD] bin-x86_64-efi/ath5k_phy.o
  [BUILD] bin-x86_64-efi/ath5k_qcu.o
  [BUILD] bin-x86_64-efi/ath5k_reset.o
  [BUILD] bin-x86_64-efi/ath5k_rfkill.o
  [BUILD] bin-x86_64-efi/ath9k.o
  [BUILD] bin-x86_64-efi/ath9k_ani.o
  [BUILD] bin-x86_64-efi/ath9k_ar5008_phy.o
  [BUILD] bin-x86_64-efi/ath9k_ar9002_calib.o
  [BUILD] bin-x86_64-efi/ath9k_ar9002_hw.o
  [BUILD] bin-x86_64-efi/ath9k_ar9002_mac.o
  [BUILD] bin-x86_64-efi/ath9k_ar9002_phy.o
  [BUILD] bin-x86_64-efi/ath9k_ar9003_calib.o
  [BUILD] bin-x86_64-efi/ath9k_ar9003_eeprom.o
  [BUILD] bin-x86_64-efi/ath9k_ar9003_hw.o
  [BUILD] bin-x86_64-efi/ath9k_ar9003_mac.o
  [BUILD] bin-x86_64-efi/ath9k_ar9003_phy.o
  [BUILD] bin-x86_64-efi/ath9k_calib.o
  [BUILD] bin-x86_64-efi/ath9k_common.o
  [BUILD] bin-x86_64-efi/ath9k_eeprom.o
  [BUILD] bin-x86_64-efi/ath9k_eeprom_4k.o
  [BUILD] bin-x86_64-efi/ath9k_eeprom_9287.o
  [BUILD] bin-x86_64-efi/ath9k_eeprom_def.o
  [BUILD] bin-x86_64-efi/ath9k_hw.o
  [BUILD] bin-x86_64-efi/ath9k_init.o
  [BUILD] bin-x86_64-efi/ath9k_mac.o
  [BUILD] bin-x86_64-efi/ath9k_main.o
  [BUILD] bin-x86_64-efi/ath9k_recv.o
  [BUILD] bin-x86_64-efi/ath9k_xmit.o
  [BUILD] bin-x86_64-efi/gdbidt.o
  [BUILD] bin-x86_64-efi/setjmp.o
  [BUILD] bin-x86_64-efi/patch_cf.o
  [BUILD] bin-x86_64-efi/stack.o
  [BUILD] bin-x86_64-efi/stack16.o
  [BUILD] bin-x86_64-efi/e820mangler.o
  [BUILD] bin-x86_64-efi/pxe_entry.o
  [BUILD] bin-x86_64-efi/com32_wrapper.o
  [BUILD] bin-x86_64-efi/bootpart.o
  [BUILD] bin-x86_64-efi/dskprefix.o
  [BUILD] bin-x86_64-efi/exeprefix.o
  [BUILD] bin-x86_64-efi/hdprefix.o
  [BUILD] bin-x86_64-efi/isaromprefix.o
  [BUILD] bin-x86_64-efi/kkkpxeprefix.o
  [BUILD] bin-x86_64-efi/kkpxeprefix.o
  [BUILD] bin-x86_64-efi/kpxeprefix.o
  [BUILD] bin-x86_64-efi/libprefix.o
  [BUILD] bin-x86_64-efi/lkrnprefix.o
  [BUILD] bin-x86_64-efi/mbr.o
  [BUILD] bin-x86_64-efi/mromprefix.o
  [BUILD] bin-x86_64-efi/nbiprefix.o
  [BUILD] bin-x86_64-efi/nullprefix.o
  [BUILD] bin-x86_64-efi/pciromprefix.o
  [BUILD] bin-x86_64-efi/pxeprefix.o
  [BUILD] bin-x86_64-efi/romprefix.o
  [BUILD] bin-x86_64-efi/undiloader.o
  [BUILD] bin-x86_64-efi/unlzma.o
  [BUILD] bin-x86_64-efi/unlzma16.o
  [BUILD] bin-x86_64-efi/usbdisk.o
  [BUILD] bin-x86_64-efi/liba20.o
  [BUILD] bin-x86_64-efi/libkir.o
  [BUILD] bin-x86_64-efi/libpm.o
  [BUILD] bin-x86_64-efi/librm.o
  [BUILD] bin-x86_64-efi/3c509-eisa.ids.o
  [BUILD] bin-x86_64-efi/3c509.ids.o
  [BUILD] bin-x86_64-efi/3c515.ids.o
  [BUILD] bin-x86_64-efi/3c529.ids.o
  [BUILD] bin-x86_64-efi/3c595.ids.o
  [BUILD] bin-x86_64-efi/3c90x.ids.o
  [BUILD] bin-x86_64-efi/amd8111e.ids.o
  [BUILD] bin-x86_64-efi/atl1e.ids.o
  [BUILD] bin-x86_64-efi/b44.ids.o
  [BUILD] bin-x86_64-efi/bnx2.ids.o
  [BUILD] bin-x86_64-efi/cs89x0.ids.o
  [BUILD] bin-x86_64-efi/davicom.ids.o
  [BUILD] bin-x86_64-efi/depca.ids.o
  [BUILD] bin-x86_64-efi/dmfe.ids.o
  [BUILD] bin-x86_64-efi/eepro.ids.o
  [BUILD] bin-x86_64-efi/eepro100.ids.o
  [BUILD] bin-x86_64-efi/ena.ids.o
  [BUILD] bin-x86_64-efi/epic100.ids.o
  [BUILD] bin-x86_64-efi/etherfabric.ids.o
  [BUILD] bin-x86_64-efi/exanic.ids.o
  [BUILD] bin-x86_64-efi/forcedeth.ids.o
  [BUILD] bin-x86_64-efi/icplus.ids.o
  [BUILD] bin-x86_64-efi/intel.ids.o
  [BUILD] bin-x86_64-efi/intelx.ids.o
  [BUILD] bin-x86_64-efi/intelxl.ids.o
  [BUILD] bin-x86_64-efi/intelxlvf.ids.o
  [BUILD] bin-x86_64-efi/intelxvf.ids.o
  [BUILD] bin-x86_64-efi/jme.ids.o
  [BUILD] bin-x86_64-efi/myri10ge.ids.o
  [BUILD] bin-x86_64-efi/myson.ids.o
  [BUILD] bin-x86_64-efi/natsemi.ids.o
  [BUILD] bin-x86_64-efi/ne2k_isa.ids.o
  [BUILD] bin-x86_64-efi/ns8390.ids.o
  [BUILD] bin-x86_64-efi/pcnet32.ids.o
  [BUILD] bin-x86_64-efi/pnic.ids.o
  [BUILD] bin-x86_64-efi/prism2_pci.ids.o
  [BUILD] bin-x86_64-efi/prism2_plx.ids.o
  [BUILD] bin-x86_64-efi/realtek.ids.o
  [BUILD] bin-x86_64-efi/rhine.ids.o
  [BUILD] bin-x86_64-efi/sis190.ids.o
  [BUILD] bin-x86_64-efi/sis900.ids.o
  [BUILD] bin-x86_64-efi/skeleton.ids.o
  [BUILD] bin-x86_64-efi/skge.ids.o
  [BUILD] bin-x86_64-efi/sky2.ids.o
  [BUILD] bin-x86_64-efi/smc9000.ids.o
  [BUILD] bin-x86_64-efi/sundance.ids.o
  [BUILD] bin-x86_64-efi/thunderx.ids.o
  [BUILD] bin-x86_64-efi/tlan.ids.o
  [BUILD] bin-x86_64-efi/tulip.ids.o
  [BUILD] bin-x86_64-efi/velocity.ids.o
  [BUILD] bin-x86_64-efi/virtio-net.ids.o
  [BUILD] bin-x86_64-efi/vmxnet3.ids.o
  [BUILD] bin-x86_64-efi/w89c840.ids.o
  [BUILD] bin-x86_64-efi/igbvf_main.ids.o
  [BUILD] bin-x86_64-efi/phantom.ids.o
  [BUILD] bin-x86_64-efi/vxge.ids.o
  [BUILD] bin-x86_64-efi/tg3.ids.o
  [BUILD] bin-x86_64-efi/sfc_hunt.ids.o
  [BUILD] bin-x86_64-efi/arbel.ids.o
  [BUILD] bin-x86_64-efi/golan.ids.o
  [BUILD] bin-x86_64-efi/hermon.ids.o
  [BUILD] bin-x86_64-efi/linda.ids.o
  [BUILD] bin-x86_64-efi/qib7322.ids.o
  [BUILD] bin-x86_64-efi/ehci.ids.o
  [BUILD] bin-x86_64-efi/uhci.ids.o
  [BUILD] bin-x86_64-efi/xhci.ids.o
  [BUILD] bin-x86_64-efi/hvm.ids.o
  [BUILD] bin-x86_64-efi/rtl8180.ids.o
  [BUILD] bin-x86_64-efi/rtl8185.ids.o
  [BUILD] bin-x86_64-efi/ath5k.ids.o
  [BUILD] bin-x86_64-efi/ath9k.ids.o
  [AR] bin-x86_64-efi/blib.a
ar: creating bin-x86_64-efi/blib.a
  [HOSTCC] util/elf2efi64
  [VERSION] bin-x86_64-efi/version.ipxe.efi.o
  [LD] bin-x86_64-efi/ipxe.efi.tmp
  [FINISH] bin-x86_64-efi/ipxe.efi
rm bin-x86_64-efi/version.ipxe.efi.o
  [VERSION] bin-x86_64-efi/version.snponly.efi.o
  [LD] bin-x86_64-efi/snponly.efi.tmp
  [FINISH] bin-x86_64-efi/snponly.efi
rm bin-x86_64-efi/version.snponly.efi.o
  [VERSION] bin-x86_64-efi/version.intel.efi.o
  [LD] bin-x86_64-efi/intel.efi.tmp
  [FINISH] bin-x86_64-efi/intel.efi
rm bin-x86_64-efi/version.intel.efi.o
****** BUILD FINISHED ******
